#
# There is insufficient memory for the Java Runtime Environment to continue.
# Native memory allocation (mmap) failed to map 75497472 bytes for Failed to commit area from 0x0000000094100000 to 0x0000000098900000 of length 75497472.
# Possible reasons:
#   The system is out of physical RAM or swap space
#   The process is running with CompressedOops enabled, and the Java Heap may be blocking the growth of the native heap
# Possible solutions:
#   Reduce memory load on the system
#   Increase physical memory or swap space
#   Check if swap backing store is full
#   Decrease Java heap size (-Xmx/-Xms)
#   Decrease number of Java threads
#   Decrease Java thread stack sizes (-Xss)
#   Set larger code cache with -XX:ReservedCodeCacheSize=
#   JVM is running with Unscaled Compressed Oops mode in which the Java heap is
#     placed in the first 4GB address space. The Java Heap base address is the
#     maximum limit for the native heap growth. Please use -XX:HeapBaseMinAddress
#     to set the Java Heap base and to place the Java Heap above 4GB virtual address.
# This output file may be truncated or incomplete.
#
#  Out of Memory Error (./src/hotspot/os/windows/os_windows.cpp:3521), pid=21828, tid=11836
#
# JRE version: OpenJDK Runtime Environment (11.0.12+7) (build 11.0.12+7-b1504.28-7817840)
# Java VM: OpenJDK 64-Bit Server VM (11.0.12+7-b1504.28-7817840, mixed mode, tiered, compressed oops, g1 gc, windows-amd64)
# No core dump will be written. Minidumps are not enabled by default on client versions of Windows
#

---------------  S U M M A R Y ------------

Command Line: --add-opens=java.base/java.util=ALL-UNNAMED --add-opens=java.base/java.lang=ALL-UNNAMED --add-opens=java.base/java.lang.invoke=ALL-UNNAMED --add-opens=java.base/java.util=ALL-UNNAMED --add-opens=java.prefs/java.util.prefs=ALL-UNNAMED --add-opens=java.prefs/java.util.prefs=ALL-UNNAMED --add-opens=java.base/java.nio.charset=ALL-UNNAMED --add-opens=java.base/java.net=ALL-UNNAMED --add-opens=java.base/java.util.concurrent.atomic=ALL-UNNAMED -Xmx2048m -Dfile.encoding=UTF-8 -Duser.country=CN -Duser.language=zh -Duser.variant org.gradle.launcher.daemon.bootstrap.GradleDaemon 7.3.3

Host: Intel(R) Core(TM) i5-7Y54 CPU @ 1.20GHz, 4 cores, 7G,  Windows 10 , 64 bit Build 19041 (10.0.19041.1806)
Time: Thu Jul 21 21:18:20 2022 中国标准时间 elapsed time: 5039.978245 seconds (0d 1h 23m 59s)

---------------  T H R E A D  ---------------

Current thread (0x000001b9a5a5e000):  VMThread "VM Thread" [stack: 0x0000005664600000,0x0000005664700000] [id=11836]

Stack: [0x0000005664600000,0x0000005664700000]
[error occurred during error reporting (printing stack bounds), id 0xc0000005, EXCEPTION_ACCESS_VIOLATION (0xc0000005) at pc=0x000001b98f98112d]

Native frames: (J=compiled Java code, j=interpreted, Vv=VM code, C=native code)
V  [jvm.dll+0x5fbcea]
V  [jvm.dll+0x731905]
V  [jvm.dll+0x732f1d]
V  [jvm.dll+0x733535]
V  [jvm.dll+0x7334eb]
V  [jvm.dll+0x5fb080]
V  [jvm.dll+0x5fb818]
C  [ntdll.dll+0xa229f]
C  [ntdll.dll+0x51454]
C  [ntdll.dll+0xa0dce]
C  0x000001b98f98112d

VM_Operation (0x000000566a6fdfd0): G1CollectForAllocation, mode: safepoint, requested by thread 0x000001b9ad1ed800


---------------  P R O C E S S  ---------------

Threads class SMR info:
_java_thread_list=0x000001b9abc0d450, length=99, elements={
0x000001b98be7a800, 0x000001b9a5a65000, 0x000001b9a5a66000, 0x000001b9a5a98000,
0x000001b9a5a99000, 0x000001b9a5a9c800, 0x000001b9a5aa2000, 0x000001b9a5aa7000,
0x000001b9a5aa9000, 0x000001b9a6467000, 0x000001b9a8e71000, 0x000001b9a788d800,
0x000001b9a79f4000, 0x000001b9a70f9000, 0x000001b9a70fa800, 0x000001b9a70f7800,
0x000001b9a70fa000, 0x000001b9a70f6800, 0x000001b9a70fb800, 0x000001b9a70f6000,
0x000001b9abc15800, 0x000001b9abc1c000, 0x000001b9abc1c800, 0x000001b9abc1d800,
0x000001b9ac342800, 0x000001b9ac349000, 0x000001b9b09c4800, 0x000001b9b09c5800,
0x000001b9b09c6800, 0x000001b9b09c8000, 0x000001b9b09c7000, 0x000001b9b09c3000,
0x000001b9b09c2800, 0x000001b9b09c9000, 0x000001b9b09c9800, 0x000001b9b09c4000,
0x000001b9b09cc000, 0x000001b9b09cd000, 0x000001b9b09cb800, 0x000001b9b09ce800,
0x000001b9b09cf800, 0x000001b9b09d0000, 0x000001b9b09ca800, 0x000001b9b09d1000,
0x000001b9ac340000, 0x000001b9ac33d800, 0x000001b9ac33e800, 0x000001b9ac341000,
0x000001b9ac341800, 0x000001b9ac343000, 0x000001b9ac344000, 0x000001b9ac345000,
0x000001b9ac33f000, 0x000001b9ac34a800, 0x000001b9ac346800, 0x000001b9ac34b800,
0x000001b9ac347800, 0x000001b9ac345800, 0x000001b9ac34c000, 0x000001b9ac348000,
0x000001b9abc18800, 0x000001b9abc16000, 0x000001b9abc19800, 0x000001b9abc1b000,
0x000001b9abc1e800, 0x000001b9abc1f000, 0x000001b9abc20000, 0x000001b9abc1a000,
0x000001b9abc24000, 0x000001b9abc21800, 0x000001b9abc23000, 0x000001b9abc22800,
0x000001b9abc21000, 0x000001b9a70f8000, 0x000001b9a70f5000, 0x000001b9b09d4000,
0x000001b9b09d8000, 0x000001b9b09d5800, 0x000001b9b09d3000, 0x000001b9b09d4800,
0x000001b9b09d6800, 0x000001b9b09d7000, 0x000001b9b09d2800, 0x000001b9b09d9800,
0x000001b9b09dc000, 0x000001b9b09dd000, 0x000001b9b09dd800, 0x000001b9b09de800,
0x000001b9b09df800, 0x000001b9b09e0000, 0x000001b9b09da800, 0x000001b9b09d9000,
0x000001b9b09cd800, 0x000001b9ad1ed800, 0x000001b9ad1ee800, 0x000001b9ad1ef000,
0x000001b9ad1ec800, 0x000001b9ad1f0000, 0x000001b9ad1ea800
}

Java Threads: ( => current thread )
  0x000001b98be7a800 JavaThread "main" [_thread_blocked, id=2748, stack(0x0000005664000000,0x0000005664100000)]
  0x000001b9a5a65000 JavaThread "Reference Handler" daemon [_thread_blocked, id=20280, stack(0x0000005664700000,0x0000005664800000)]
  0x000001b9a5a66000 JavaThread "Finalizer" daemon [_thread_blocked, id=16680, stack(0x0000005664800000,0x0000005664900000)]
  0x000001b9a5a98000 JavaThread "Signal Dispatcher" daemon [_thread_blocked, id=21624, stack(0x0000005664900000,0x0000005664a00000)]
  0x000001b9a5a99000 JavaThread "Attach Listener" daemon [_thread_blocked, id=15644, stack(0x0000005664a00000,0x0000005664b00000)]
  0x000001b9a5a9c800 JavaThread "Service Thread" daemon [_thread_blocked, id=24052, stack(0x0000005664b00000,0x0000005664c00000)]
  0x000001b9a5aa2000 JavaThread "C2 CompilerThread0" daemon [_thread_blocked, id=21824, stack(0x0000005664c00000,0x0000005664d00000)]
  0x000001b9a5aa7000 JavaThread "C1 CompilerThread0" daemon [_thread_blocked, id=10488, stack(0x0000005664d00000,0x0000005664e00000)]
  0x000001b9a5aa9000 JavaThread "Sweeper thread" daemon [_thread_blocked, id=9476, stack(0x0000005664e00000,0x0000005664f00000)]
  0x000001b9a6467000 JavaThread "Common-Cleaner" daemon [_thread_blocked, id=11484, stack(0x0000005664f00000,0x0000005665000000)]
  0x000001b9a8e71000 JavaThread "Daemon health stats" [_thread_blocked, id=8768, stack(0x0000005665400000,0x0000005665500000)]
  0x000001b9a788d800 JavaThread "Incoming local TCP Connector on port 50252" [_thread_in_native, id=17964, stack(0x0000005665100000,0x0000005665200000)]
  0x000001b9a79f4000 JavaThread "Daemon periodic checks" [_thread_blocked, id=11332, stack(0x0000005665500000,0x0000005665600000)]
  0x000001b9a70f9000 JavaThread "Cache worker for journal cache (C:\Users\YANG\.gradle\caches\journal-1)" [_thread_blocked, id=23548, stack(0x0000005665e00000,0x0000005665f00000)]
  0x000001b9a70fa800 JavaThread "File lock request listener" [_thread_in_native, id=18832, stack(0x0000005665f00000,0x0000005666000000)]
  0x000001b9a70f7800 JavaThread "Cache worker for file hash cache (C:\Users\YANG\.gradle\caches\7.3.3\fileHashes)" [_thread_blocked, id=7480, stack(0x0000005666000000,0x0000005666100000)]
  0x000001b9a70fa000 JavaThread "File watcher server" daemon [_thread_blocked, id=18144, stack(0x0000005666300000,0x0000005666400000)]
  0x000001b9a70f6800 JavaThread "File watcher consumer" daemon [_thread_blocked, id=19760, stack(0x0000005666400000,0x0000005666500000)]
  0x000001b9a70fb800 JavaThread "jar transforms" [_thread_blocked, id=3708, stack(0x0000005666500000,0x0000005666600000)]
  0x000001b9a70f6000 JavaThread "jar transforms Thread 2" [_thread_blocked, id=8880, stack(0x0000005666600000,0x0000005666700000)]
  0x000001b9abc15800 JavaThread "jar transforms Thread 3" [_thread_blocked, id=17876, stack(0x0000005666700000,0x0000005666800000)]
  0x000001b9abc1c000 JavaThread "jar transforms Thread 4" [_thread_blocked, id=21360, stack(0x0000005666800000,0x0000005666900000)]
  0x000001b9abc1c800 JavaThread "Cache worker for execution history cache (C:\Users\YANG\.gradle\caches\7.3.3\executionHistory)" [_thread_blocked, id=14904, stack(0x0000005666c00000,0x0000005666d00000)]
  0x000001b9abc1d800 JavaThread "Cache worker for file content cache (C:\Users\YANG\.gradle\caches\7.3.3\fileContent)" [_thread_blocked, id=15204, stack(0x0000005666d00000,0x0000005666e00000)]
  0x000001b9ac342800 JavaThread "Memory manager" [_thread_blocked, id=8464, stack(0x0000005669800000,0x0000005669900000)]
  0x000001b9ac349000 JavaThread "pool-3-thread-1" [_thread_blocked, id=2664, stack(0x0000005663d00000,0x0000005663e00000)]
  0x000001b9b09c4800 JavaThread "pool-6-thread-1" [_thread_blocked, id=17832, stack(0x0000005669600000,0x0000005669700000)]
  0x000001b9b09c5800 JavaThread "Daemon Thread 3" [_thread_blocked, id=13164, stack(0x0000005663e00000,0x0000005663f00000)]
  0x000001b9b09c6800 JavaThread "Handler for socket connection from /127.0.0.1:50252 to /127.0.0.1:51210" [_thread_in_native, id=9492, stack(0x0000005663f00000,0x0000005664000000)]
  0x000001b9b09c8000 JavaThread "Cancel handler" [_thread_blocked, id=8980, stack(0x0000005665600000,0x0000005665700000)]
  0x000001b9b09c7000 JavaThread "Daemon worker Thread 3" [_thread_blocked, id=7164, stack(0x0000005665700000,0x0000005665800000)]
  0x000001b9b09c3000 JavaThread "Asynchronous log dispatcher for DefaultDaemonConnection: socket connection from /127.0.0.1:50252 to /127.0.0.1:51210" [_thread_blocked, id=23128, stack(0x0000005665800000,0x0000005665900000)]
  0x000001b9b09c2800 JavaThread "Stdin handler" [_thread_blocked, id=22788, stack(0x0000005665900000,0x0000005665a00000)]
  0x000001b9b09c9000 JavaThread "Daemon client event forwarder" [_thread_blocked, id=7872, stack(0x0000005665a00000,0x0000005665b00000)]
  0x000001b9b09c9800 JavaThread "Cache worker for file hash cache (C:\Users\YANG\AndroidStudioProjects\Event\.gradle\7.3.3\fileHashes)" [_thread_blocked, id=17784, stack(0x0000005665b00000,0x0000005665c00000)]
  0x000001b9b09c4000 JavaThread "Cache worker for checksums cache (C:\Users\YANG\AndroidStudioProjects\Event\.gradle\7.3.3\checksums)" [_thread_blocked, id=20140, stack(0x0000005665c00000,0x0000005665d00000)]
  0x000001b9b09cc000 JavaThread "Cache worker for cache directory md-supplier (C:\Users\YANG\.gradle\caches\7.3.3\md-supplier)" [_thread_blocked, id=8680, stack(0x0000005666100000,0x0000005666200000)]
  0x000001b9b09cd000 JavaThread "Cache worker for cache directory md-rule (C:\Users\YANG\.gradle\caches\7.3.3\md-rule)" [_thread_blocked, id=6240, stack(0x0000005666200000,0x0000005666300000)]
  0x000001b9b09cb800 JavaThread "Cache worker for dependencies-accessors (C:\Users\YANG\AndroidStudioProjects\Event\.gradle\7.3.3\dependencies-accessors)" [_thread_blocked, id=15344, stack(0x0000005666900000,0x0000005666a00000)]
  0x000001b9b09ce800 JavaThread "Cache worker for Build Output Cleanup Cache (C:\Users\YANG\AndroidStudioProjects\Event\.gradle\buildOutputCleanup)" [_thread_blocked, id=788, stack(0x0000005666b00000,0x0000005666c00000)]
  0x000001b9b09cf800 JavaThread "Unconstrained build operations" [_thread_blocked, id=6460, stack(0x0000005666e00000,0x0000005666f00000)]
  0x000001b9b09d0000 JavaThread "Unconstrained build operations Thread 2" [_thread_blocked, id=4240, stack(0x0000005666f00000,0x0000005667000000)]
  0x000001b9b09ca800 JavaThread "Unconstrained build operations Thread 3" [_thread_blocked, id=13176, stack(0x0000005667000000,0x0000005667100000)]
  0x000001b9b09d1000 JavaThread "Unconstrained build operations Thread 4" [_thread_blocked, id=16104, stack(0x0000005667100000,0x0000005667200000)]
  0x000001b9ac340000 JavaThread "Unconstrained build operations Thread 5" [_thread_blocked, id=14248, stack(0x0000005667200000,0x0000005667300000)]
  0x000001b9ac33d800 JavaThread "Unconstrained build operations Thread 6" [_thread_blocked, id=10628, stack(0x0000005667300000,0x0000005667400000)]
  0x000001b9ac33e800 JavaThread "Unconstrained build operations Thread 7" [_thread_blocked, id=18172, stack(0x0000005667400000,0x0000005667500000)]
  0x000001b9ac341000 JavaThread "Unconstrained build operations Thread 8" [_thread_blocked, id=3756, stack(0x0000005667500000,0x0000005667600000)]
  0x000001b9ac341800 JavaThread "Unconstrained build operations Thread 9" [_thread_blocked, id=10008, stack(0x0000005667600000,0x0000005667700000)]
  0x000001b9ac343000 JavaThread "Unconstrained build operations Thread 10" [_thread_blocked, id=14708, stack(0x0000005667700000,0x0000005667800000)]
  0x000001b9ac344000 JavaThread "Unconstrained build operations Thread 11" [_thread_blocked, id=15200, stack(0x0000005667800000,0x0000005667900000)]
  0x000001b9ac345000 JavaThread "Unconstrained build operations Thread 12" [_thread_blocked, id=3812, stack(0x0000005667900000,0x0000005667a00000)]
  0x000001b9ac33f000 JavaThread "Unconstrained build operations Thread 13" [_thread_blocked, id=13440, stack(0x0000005667a00000,0x0000005667b00000)]
  0x000001b9ac34a800 JavaThread "Unconstrained build operations Thread 14" [_thread_blocked, id=11112, stack(0x0000005667b00000,0x0000005667c00000)]
  0x000001b9ac346800 JavaThread "Unconstrained build operations Thread 15" [_thread_blocked, id=23640, stack(0x0000005667c00000,0x0000005667d00000)]
  0x000001b9ac34b800 JavaThread "Unconstrained build operations Thread 16" [_thread_blocked, id=3940, stack(0x0000005667d00000,0x0000005667e00000)]
  0x000001b9ac347800 JavaThread "Unconstrained build operations Thread 17" [_thread_blocked, id=22292, stack(0x0000005667e00000,0x0000005667f00000)]
  0x000001b9ac345800 JavaThread "Unconstrained build operations Thread 18" [_thread_blocked, id=13368, stack(0x0000005667f00000,0x0000005668000000)]
  0x000001b9ac34c000 JavaThread "Unconstrained build operations Thread 19" [_thread_blocked, id=1832, stack(0x0000005668000000,0x0000005668100000)]
  0x000001b9ac348000 JavaThread "Unconstrained build operations Thread 20" [_thread_blocked, id=20920, stack(0x0000005668100000,0x0000005668200000)]
  0x000001b9abc18800 JavaThread "Unconstrained build operations Thread 21" [_thread_blocked, id=22700, stack(0x0000005668200000,0x0000005668300000)]
  0x000001b9abc16000 JavaThread "Unconstrained build operations Thread 22" [_thread_blocked, id=19656, stack(0x0000005668300000,0x0000005668400000)]
  0x000001b9abc19800 JavaThread "Unconstrained build operations Thread 23" [_thread_blocked, id=6004, stack(0x0000005668400000,0x0000005668500000)]
  0x000001b9abc1b000 JavaThread "Unconstrained build operations Thread 24" [_thread_blocked, id=19032, stack(0x0000005668500000,0x0000005668600000)]
  0x000001b9abc1e800 JavaThread "Unconstrained build operations Thread 25" [_thread_blocked, id=18712, stack(0x0000005668600000,0x0000005668700000)]
  0x000001b9abc1f000 JavaThread "Unconstrained build operations Thread 26" [_thread_blocked, id=20788, stack(0x0000005668700000,0x0000005668800000)]
  0x000001b9abc20000 JavaThread "Unconstrained build operations Thread 27" [_thread_blocked, id=6248, stack(0x0000005668800000,0x0000005668900000)]
  0x000001b9abc1a000 JavaThread "Unconstrained build operations Thread 28" [_thread_blocked, id=23696, stack(0x0000005668900000,0x0000005668a00000)]
  0x000001b9abc24000 JavaThread "Unconstrained build operations Thread 29" [_thread_blocked, id=11208, stack(0x0000005668a00000,0x0000005668b00000)]
  0x000001b9abc21800 JavaThread "Unconstrained build operations Thread 30" [_thread_blocked, id=7300, stack(0x0000005668b00000,0x0000005668c00000)]
  0x000001b9abc23000 JavaThread "Unconstrained build operations Thread 31" [_thread_blocked, id=24120, stack(0x0000005668c00000,0x0000005668d00000)]
  0x000001b9abc22800 JavaThread "Unconstrained build operations Thread 32" [_thread_blocked, id=23508, stack(0x0000005668d00000,0x0000005668e00000)]
  0x000001b9abc21000 JavaThread "Unconstrained build operations Thread 33" [_thread_blocked, id=9728, stack(0x0000005668e00000,0x0000005668f00000)]
  0x000001b9a70f8000 JavaThread "Unconstrained build operations Thread 34" [_thread_blocked, id=10388, stack(0x0000005668f00000,0x0000005669000000)]
  0x000001b9a70f5000 JavaThread "Unconstrained build operations Thread 35" [_thread_blocked, id=12232, stack(0x0000005669000000,0x0000005669100000)]
  0x000001b9b09d4000 JavaThread "Unconstrained build operations Thread 36" [_thread_blocked, id=8924, stack(0x0000005669100000,0x0000005669200000)]
  0x000001b9b09d8000 JavaThread "Unconstrained build operations Thread 37" [_thread_blocked, id=23788, stack(0x0000005669200000,0x0000005669300000)]
  0x000001b9b09d5800 JavaThread "Unconstrained build operations Thread 38" [_thread_blocked, id=12712, stack(0x0000005669300000,0x0000005669400000)]
  0x000001b9b09d3000 JavaThread "Unconstrained build operations Thread 39" [_thread_blocked, id=1152, stack(0x0000005669400000,0x0000005669500000)]
  0x000001b9b09d4800 JavaThread "Unconstrained build operations Thread 40" [_thread_blocked, id=8320, stack(0x0000005669500000,0x0000005669600000)]
  0x000001b9b09d6800 JavaThread "build event listener" [_thread_blocked, id=19336, stack(0x0000005669700000,0x0000005669800000)]
  0x000001b9b09d7000 JavaThread "pool-9-thread-1" [_thread_blocked, id=6656, stack(0x0000005669900000,0x0000005669a00000)]
  0x000001b9b09d2800 JavaThread "build event listener" [_thread_blocked, id=18792, stack(0x0000005669a00000,0x0000005669b00000)]
  0x000001b9b09d9800 JavaThread "Execution worker for ':'" [_thread_blocked, id=17368, stack(0x0000005669b00000,0x0000005669c00000)]
  0x000001b9b09dc000 JavaThread "Execution worker for ':' Thread 2" [_thread_blocked, id=16912, stack(0x0000005669c00000,0x0000005669d00000)]
  0x000001b9b09dd000 JavaThread "Execution worker for ':' Thread 3" [_thread_blocked, id=2820, stack(0x0000005669d00000,0x0000005669e00000)]
  0x000001b9b09dd800 JavaThread "Cache worker for execution history cache (C:\Users\YANG\AndroidStudioProjects\Event\.gradle\7.3.3\executionHistory)" [_thread_blocked, id=15296, stack(0x0000005669e00000,0x0000005669f00000)]
  0x000001b9b09de800 JavaThread "WorkerExecutor Queue" [_thread_blocked, id=1092, stack(0x0000005666a00000,0x0000005666b00000)]
  0x000001b9b09df800 JavaThread "WorkerExecutor Queue Thread 2" [_thread_blocked, id=11476, stack(0x000000566a000000,0x000000566a100000)]
  0x000001b9b09e0000 JavaThread "WorkerExecutor Queue Thread 3" [_thread_blocked, id=18660, stack(0x000000566a100000,0x000000566a200000)]
  0x000001b9b09da800 JavaThread "WorkerExecutor Queue Thread 4" [_thread_blocked, id=22316, stack(0x000000566a200000,0x000000566a300000)]
  0x000001b9b09d9000 JavaThread "C2 CompilerThread1" daemon [_thread_blocked, id=13052, stack(0x0000005669f00000,0x000000566a000000)]
  0x000001b9b09cd800 JavaThread "ForkJoinPool-1-worker-3" daemon [_thread_blocked, id=23104, stack(0x000000566a500000,0x000000566a600000)]
  0x000001b9ad1ed800 JavaThread "ForkJoinPool-1-worker-5" daemon [_thread_blocked, id=13112, stack(0x000000566a600000,0x000000566a700000)]
  0x000001b9ad1ee800 JavaThread "ForkJoinPool-1-worker-7" daemon [_thread_blocked, id=7360, stack(0x000000566a700000,0x000000566a800000)]
  0x000001b9ad1ef000 JavaThread "ForkJoinPool-1-worker-1" daemon [_thread_blocked, id=20240, stack(0x000000566a800000,0x000000566a900000)]
  0x000001b9ad1ec800 JavaThread "pool-10-thread-1" [_thread_blocked, id=22308, stack(0x000000566a400000,0x000000566a500000)]
  0x000001b9ad1f0000 JavaThread "stderr" [_thread_in_native, id=17856, stack(0x000000566a900000,0x000000566aa00000)]
  0x000001b9ad1ea800 JavaThread "stdout" [_thread_in_native, id=2736, stack(0x000000566aa00000,0x000000566ab00000)]

Other Threads:
=>0x000001b9a5a5e000 VMThread "VM Thread" [stack: 0x0000005664600000,0x0000005664700000] [id=11836]
  0x000001b9a6480800 WatcherThread [stack: 0x0000005665000000,0x0000005665100000] [id=5600]
  0x000001b98be8c800 GCTaskThread "GC Thread#0" [stack: 0x0000005664100000,0x0000005664200000] [id=480]
  0x000001b9a6d38000 GCTaskThread "GC Thread#1" [stack: 0x0000005665200000,0x0000005665300000] [id=16856]
  0x000001b9a6610800 GCTaskThread "GC Thread#2" [stack: 0x0000005665300000,0x0000005665400000] [id=5688]
  0x000001b9a76cf000 GCTaskThread "GC Thread#3" [stack: 0x0000005665d00000,0x0000005665e00000] [id=8592]
  0x000001b98bebc000 ConcurrentGCThread "G1 Main Marker" [stack: 0x0000005664200000,0x0000005664300000] [id=18308]
  0x000001b98bebd800 ConcurrentGCThread "G1 Conc#0" [stack: 0x0000005664300000,0x0000005664400000] [id=24356]
  0x000001b98bf4c000 ConcurrentGCThread "G1 Refine#0" [stack: 0x0000005664400000,0x0000005664500000] [id=9776]
  0x000001b98bf4d000 ConcurrentGCThread "G1 Young RemSet Sampling" [stack: 0x0000005664500000,0x0000005664600000] [id=2876]

Threads with active compile tasks:
C2 CompilerThread05040049 23422       4       java.util.StringJoiner::add (104 bytes)
C2 CompilerThread15040049 23319       4       com.android.tools.r8.graph.Z0::b (164 bytes)

VM state:at safepoint (normal execution)

VM Mutex/Monitor currently owned by a thread:  ([mutex/lock_event])
[0x000001b98be77780] Threads_lock - owner thread: 0x000001b9a5a5e000
[0x000001b98be78c50] Heap_lock - owner thread: 0x000001b9ad1ed800

Heap address: 0x0000000080000000, size: 2048 MB, Compressed Oops mode: 32-bit
Narrow klass base: 0x0000000000000000, Narrow klass shift: 3
Compressed class space size: 1073741824 Address: 0x0000000100000000

Heap:
 garbage-first heap   total 402432K, used 198270K [0x0000000080000000, 0x0000000100000000)
  region size 1024K, 5 young (5120K), 5 survivors (5120K)
 Metaspace       used 135591K, capacity 139475K, committed 139724K, reserved 1171456K
  class space    used 16658K, capacity 18119K, committed 18124K, reserved 1048576K
Heap Regions: E=young(eden), S=young(survivor), O=old, HS=humongous(starts), HC=humongous(continues), CS=collection set, F=free, A=archive, TAMS=top-at-mark-start (previous, next)
|   0|0x0000000080000000, 0x0000000080100000, 0x0000000080100000|100%|HS|  |TAMS 0x0000000080100000, 0x0000000080100000| Complete 
|   1|0x0000000080100000, 0x0000000080200000, 0x0000000080200000|100%|HC|  |TAMS 0x0000000080200000, 0x0000000080200000| Complete 
|   2|0x0000000080200000, 0x0000000080300000, 0x0000000080300000|100%|HC|  |TAMS 0x0000000080300000, 0x0000000080300000| Complete 
|   3|0x0000000080300000, 0x0000000080400000, 0x0000000080400000|100%| O|  |TAMS 0x0000000080400000, 0x0000000080400000| Untracked 
|   4|0x0000000080400000, 0x0000000080500000, 0x0000000080500000|100%| O|  |TAMS 0x0000000080500000, 0x0000000080500000| Untracked 
|   5|0x0000000080500000, 0x0000000080600000, 0x0000000080600000|100%| O|  |TAMS 0x0000000080600000, 0x0000000080600000| Untracked 
|   6|0x0000000080600000, 0x0000000080700000, 0x0000000080700000|100%| O|  |TAMS 0x0000000080700000, 0x0000000080700000| Untracked 
|   7|0x0000000080700000, 0x0000000080800000, 0x0000000080800000|100%| O|  |TAMS 0x0000000080800000, 0x0000000080800000| Untracked 
|   8|0x0000000080800000, 0x0000000080900000, 0x0000000080900000|100%| O|  |TAMS 0x0000000080900000, 0x0000000080900000| Untracked 
|   9|0x0000000080900000, 0x0000000080a00000, 0x0000000080a00000|100%| O|  |TAMS 0x0000000080a00000, 0x0000000080a00000| Untracked 
|  10|0x0000000080a00000, 0x0000000080b00000, 0x0000000080b00000|100%| O|  |TAMS 0x0000000080b00000, 0x0000000080b00000| Untracked 
|  11|0x0000000080b00000, 0x0000000080c00000, 0x0000000080c00000|100%| O|  |TAMS 0x0000000080c00000, 0x0000000080c00000| Untracked 
|  12|0x0000000080c00000, 0x0000000080d00000, 0x0000000080d00000|100%| O|  |TAMS 0x0000000080d00000, 0x0000000080d00000| Untracked 
|  13|0x0000000080d00000, 0x0000000080e00000, 0x0000000080e00000|100%| O|  |TAMS 0x0000000080e00000, 0x0000000080e00000| Untracked 
|  14|0x0000000080e00000, 0x0000000080f00000, 0x0000000080f00000|100%| O|  |TAMS 0x0000000080f00000, 0x0000000080f00000| Untracked 
|  15|0x0000000080f00000, 0x0000000081000000, 0x0000000081000000|100%| O|  |TAMS 0x0000000081000000, 0x0000000081000000| Untracked 
|  16|0x0000000081000000, 0x0000000081100000, 0x0000000081100000|100%| O|  |TAMS 0x0000000081100000, 0x0000000081100000| Untracked 
|  17|0x0000000081100000, 0x0000000081200000, 0x0000000081200000|100%|HS|  |TAMS 0x0000000081200000, 0x0000000081200000| Complete 
|  18|0x0000000081200000, 0x0000000081300000, 0x0000000081300000|100%|HC|  |TAMS 0x0000000081300000, 0x0000000081300000| Complete 
|  19|0x0000000081300000, 0x0000000081400000, 0x0000000081400000|100%|HS|  |TAMS 0x0000000081400000, 0x0000000081400000| Complete 
|  20|0x0000000081400000, 0x0000000081500000, 0x0000000081500000|100%|HC|  |TAMS 0x0000000081500000, 0x0000000081500000| Complete 
|  21|0x0000000081500000, 0x0000000081600000, 0x0000000081600000|100%|HC|  |TAMS 0x0000000081600000, 0x0000000081600000| Complete 
|  22|0x0000000081600000, 0x0000000081700000, 0x0000000081700000|100%|HS|  |TAMS 0x0000000081700000, 0x0000000081700000| Complete 
|  23|0x0000000081700000, 0x0000000081800000, 0x0000000081800000|100%|HS|  |TAMS 0x0000000081800000, 0x0000000081800000| Complete 
|  24|0x0000000081800000, 0x0000000081900000, 0x0000000081900000|100%|HC|  |TAMS 0x0000000081900000, 0x0000000081900000| Complete 
|  25|0x0000000081900000, 0x0000000081a00000, 0x0000000081a00000|100%|HC|  |TAMS 0x0000000081a00000, 0x0000000081a00000| Complete 
|  26|0x0000000081a00000, 0x0000000081b00000, 0x0000000081b00000|100%|HC|  |TAMS 0x0000000081b00000, 0x0000000081b00000| Complete 
|  27|0x0000000081b00000, 0x0000000081c00000, 0x0000000081c00000|100%| O|  |TAMS 0x0000000081c00000, 0x0000000081c00000| Untracked 
|  28|0x0000000081c00000, 0x0000000081d00000, 0x0000000081d00000|100%| O|  |TAMS 0x0000000081d00000, 0x0000000081d00000| Untracked 
|  29|0x0000000081d00000, 0x0000000081e00000, 0x0000000081e00000|100%| O|  |TAMS 0x0000000081e00000, 0x0000000081e00000| Untracked 
|  30|0x0000000081e00000, 0x0000000081f00000, 0x0000000081f00000|100%|HS|  |TAMS 0x0000000081f00000, 0x0000000081f00000| Complete 
|  31|0x0000000081f00000, 0x0000000082000000, 0x0000000082000000|100%| O|  |TAMS 0x0000000082000000, 0x0000000082000000| Untracked 
|  32|0x0000000082000000, 0x0000000082100000, 0x0000000082100000|100%| O|  |TAMS 0x0000000082100000, 0x0000000082100000| Untracked 
|  33|0x0000000082100000, 0x0000000082200000, 0x0000000082200000|100%| O|  |TAMS 0x0000000082200000, 0x0000000082200000| Untracked 
|  34|0x0000000082200000, 0x0000000082300000, 0x0000000082300000|100%| O|  |TAMS 0x0000000082300000, 0x0000000082300000| Untracked 
|  35|0x0000000082300000, 0x0000000082400000, 0x0000000082400000|100%| O|  |TAMS 0x0000000082400000, 0x0000000082400000| Untracked 
|  36|0x0000000082400000, 0x0000000082500000, 0x0000000082500000|100%| O|  |TAMS 0x0000000082500000, 0x0000000082500000| Untracked 
|  37|0x0000000082500000, 0x0000000082600000, 0x0000000082600000|100%|HS|  |TAMS 0x0000000082600000, 0x0000000082600000| Complete 
|  38|0x0000000082600000, 0x0000000082700000, 0x0000000082700000|100%|HC|  |TAMS 0x0000000082700000, 0x0000000082700000| Complete 
|  39|0x0000000082700000, 0x0000000082800000, 0x0000000082800000|100%|HC|  |TAMS 0x0000000082800000, 0x0000000082800000| Complete 
|  40|0x0000000082800000, 0x0000000082900000, 0x0000000082900000|100%| O|  |TAMS 0x0000000082900000, 0x0000000082900000| Untracked 
|  41|0x0000000082900000, 0x0000000082a00000, 0x0000000082a00000|100%| O|  |TAMS 0x0000000082a00000, 0x0000000082a00000| Untracked 
|  42|0x0000000082a00000, 0x0000000082b00000, 0x0000000082b00000|100%| O|  |TAMS 0x0000000082b00000, 0x0000000082b00000| Untracked 
|  43|0x0000000082b00000, 0x0000000082c00000, 0x0000000082c00000|100%| O|  |TAMS 0x0000000082c00000, 0x0000000082c00000| Untracked 
|  44|0x0000000082c00000, 0x0000000082d00000, 0x0000000082d00000|100%| O|  |TAMS 0x0000000082d00000, 0x0000000082d00000| Untracked 
|  45|0x0000000082d00000, 0x0000000082e00000, 0x0000000082e00000|100%|HS|  |TAMS 0x0000000082e00000, 0x0000000082e00000| Complete 
|  46|0x0000000082e00000, 0x0000000082f00000, 0x0000000082f00000|100%|HC|  |TAMS 0x0000000082f00000, 0x0000000082f00000| Complete 
|  47|0x0000000082f00000, 0x0000000083000000, 0x0000000083000000|100%|HC|  |TAMS 0x0000000083000000, 0x0000000083000000| Complete 
|  48|0x0000000083000000, 0x0000000083100000, 0x0000000083100000|100%|HC|  |TAMS 0x0000000083100000, 0x0000000083100000| Complete 
|  49|0x0000000083100000, 0x0000000083200000, 0x0000000083200000|100%| O|  |TAMS 0x0000000083200000, 0x0000000083200000| Untracked 
|  50|0x0000000083200000, 0x0000000083300000, 0x0000000083300000|100%| O|  |TAMS 0x0000000083300000, 0x0000000083300000| Untracked 
|  51|0x0000000083300000, 0x0000000083400000, 0x0000000083400000|100%|HS|  |TAMS 0x0000000083400000, 0x0000000083400000| Complete 
|  52|0x0000000083400000, 0x0000000083500000, 0x0000000083500000|100%|HS|  |TAMS 0x0000000083500000, 0x0000000083500000| Complete 
|  53|0x0000000083500000, 0x0000000083600000, 0x0000000083600000|100%|HS|  |TAMS 0x0000000083600000, 0x0000000083600000| Complete 
|  54|0x0000000083600000, 0x0000000083700000, 0x0000000083700000|100%|HC|  |TAMS 0x0000000083700000, 0x0000000083700000| Complete 
|  55|0x0000000083700000, 0x0000000083800000, 0x0000000083800000|100%| O|  |TAMS 0x0000000083800000, 0x0000000083800000| Untracked 
|  56|0x0000000083800000, 0x0000000083900000, 0x0000000083900000|100%| O|  |TAMS 0x0000000083900000, 0x0000000083900000| Untracked 
|  57|0x0000000083900000, 0x0000000083a00000, 0x0000000083a00000|100%| O|  |TAMS 0x0000000083a00000, 0x0000000083a00000| Untracked 
|  58|0x0000000083a00000, 0x0000000083b00000, 0x0000000083b00000|100%| O|  |TAMS 0x0000000083b00000, 0x0000000083b00000| Untracked 
|  59|0x0000000083b00000, 0x0000000083c00000, 0x0000000083c00000|100%| O|  |TAMS 0x0000000083c00000, 0x0000000083c00000| Untracked 
|  60|0x0000000083c00000, 0x0000000083d00000, 0x0000000083d00000|100%| O|  |TAMS 0x0000000083d00000, 0x0000000083d00000| Untracked 
|  61|0x0000000083d00000, 0x0000000083e00000, 0x0000000083e00000|100%| O|  |TAMS 0x0000000083e00000, 0x0000000083e00000| Untracked 
|  62|0x0000000083e00000, 0x0000000083f00000, 0x0000000083f00000|100%| O|  |TAMS 0x0000000083f00000, 0x0000000083f00000| Untracked 
|  63|0x0000000083f00000, 0x0000000084000000, 0x0000000084000000|100%| O|  |TAMS 0x0000000084000000, 0x0000000084000000| Untracked 
|  64|0x0000000084000000, 0x0000000084100000, 0x0000000084100000|100%| O|  |TAMS 0x0000000084100000, 0x0000000084100000| Untracked 
|  65|0x0000000084100000, 0x0000000084200000, 0x0000000084200000|100%| O|  |TAMS 0x0000000084200000, 0x0000000084200000| Untracked 
|  66|0x0000000084200000, 0x0000000084300000, 0x0000000084300000|100%| O|  |TAMS 0x0000000084300000, 0x0000000084300000| Untracked 
|  67|0x0000000084300000, 0x0000000084400000, 0x0000000084400000|100%| O|  |TAMS 0x0000000084400000, 0x0000000084400000| Untracked 
|  68|0x0000000084400000, 0x0000000084500000, 0x0000000084500000|100%|HS|  |TAMS 0x0000000084500000, 0x0000000084500000| Complete 
|  69|0x0000000084500000, 0x0000000084600000, 0x0000000084600000|100%|HC|  |TAMS 0x0000000084600000, 0x0000000084600000| Complete 
|  70|0x0000000084600000, 0x0000000084700000, 0x0000000084700000|100%| O|  |TAMS 0x0000000084700000, 0x0000000084700000| Untracked 
|  71|0x0000000084700000, 0x0000000084800000, 0x0000000084800000|100%|HS|  |TAMS 0x0000000084800000, 0x0000000084800000| Complete 
|  72|0x0000000084800000, 0x0000000084900000, 0x0000000084900000|100%| O|  |TAMS 0x0000000084900000, 0x0000000084900000| Untracked 
|  73|0x0000000084900000, 0x0000000084a00000, 0x0000000084a00000|100%| O|  |TAMS 0x0000000084a00000, 0x0000000084a00000| Untracked 
|  74|0x0000000084a00000, 0x0000000084b00000, 0x0000000084b00000|100%| O|  |TAMS 0x0000000084b00000, 0x0000000084b00000| Untracked 
|  75|0x0000000084b00000, 0x0000000084c00000, 0x0000000084c00000|100%|HS|  |TAMS 0x0000000084b00000, 0x0000000084c00000| Complete 
|  76|0x0000000084c00000, 0x0000000084d00000, 0x0000000084d00000|100%| O|  |TAMS 0x0000000084d00000, 0x0000000084d00000| Untracked 
|  77|0x0000000084d00000, 0x0000000084e00000, 0x0000000084e00000|100%| O|  |TAMS 0x0000000084e00000, 0x0000000084e00000| Untracked 
|  78|0x0000000084e00000, 0x0000000084f00000, 0x0000000084f00000|100%|HS|  |TAMS 0x0000000084f00000, 0x0000000084f00000| Complete 
|  79|0x0000000084f00000, 0x0000000085000000, 0x0000000085000000|100%|HC|  |TAMS 0x0000000085000000, 0x0000000085000000| Complete 
|  80|0x0000000085000000, 0x0000000085100000, 0x0000000085100000|100%|HS|  |TAMS 0x0000000085100000, 0x0000000085100000| Complete 
|  81|0x0000000085100000, 0x0000000085200000, 0x0000000085200000|100%|HC|  |TAMS 0x0000000085200000, 0x0000000085200000| Complete 
|  82|0x0000000085200000, 0x0000000085300000, 0x0000000085300000|100%|HC|  |TAMS 0x0000000085300000, 0x0000000085300000| Complete 
|  83|0x0000000085300000, 0x0000000085400000, 0x0000000085400000|100%| O|  |TAMS 0x0000000085400000, 0x0000000085400000| Untracked 
|  84|0x0000000085400000, 0x0000000085500000, 0x0000000085500000|100%| O|  |TAMS 0x0000000085500000, 0x0000000085500000| Untracked 
|  85|0x0000000085500000, 0x0000000085600000, 0x0000000085600000|100%| O|  |TAMS 0x0000000085600000, 0x0000000085600000| Untracked 
|  86|0x0000000085600000, 0x0000000085700000, 0x0000000085700000|100%| O|  |TAMS 0x0000000085700000, 0x0000000085700000| Untracked 
|  87|0x0000000085700000, 0x0000000085800000, 0x0000000085800000|100%| O|  |TAMS 0x0000000085800000, 0x0000000085800000| Untracked 
|  88|0x0000000085800000, 0x0000000085900000, 0x0000000085900000|100%| O|  |TAMS 0x0000000085900000, 0x0000000085900000| Untracked 
|  89|0x0000000085900000, 0x0000000085a00000, 0x0000000085a00000|100%| O|  |TAMS 0x0000000085a00000, 0x0000000085a00000| Untracked 
|  90|0x0000000085a00000, 0x0000000085b00000, 0x0000000085b00000|100%| O|  |TAMS 0x0000000085b00000, 0x0000000085b00000| Untracked 
|  91|0x0000000085b00000, 0x0000000085c00000, 0x0000000085c00000|100%|HS|  |TAMS 0x0000000085c00000, 0x0000000085c00000| Complete 
|  92|0x0000000085c00000, 0x0000000085d00000, 0x0000000085d00000|100%|HC|  |TAMS 0x0000000085d00000, 0x0000000085d00000| Complete 
|  93|0x0000000085d00000, 0x0000000085e00000, 0x0000000085e00000|100%|HC|  |TAMS 0x0000000085e00000, 0x0000000085e00000| Complete 
|  94|0x0000000085e00000, 0x0000000085f00000, 0x0000000085f00000|100%|HC|  |TAMS 0x0000000085f00000, 0x0000000085f00000| Complete 
|  95|0x0000000085f00000, 0x0000000086000000, 0x0000000086000000|100%| O|  |TAMS 0x0000000086000000, 0x0000000086000000| Untracked 
|  96|0x0000000086000000, 0x0000000086100000, 0x0000000086100000|100%| O|  |TAMS 0x0000000086100000, 0x0000000086100000| Untracked 
|  97|0x0000000086100000, 0x0000000086200000, 0x0000000086200000|100%| O|  |TAMS 0x0000000086200000, 0x0000000086200000| Untracked 
|  98|0x0000000086200000, 0x0000000086300000, 0x0000000086300000|100%| O|  |TAMS 0x0000000086300000, 0x0000000086300000| Untracked 
|  99|0x0000000086300000, 0x0000000086400000, 0x0000000086400000|100%|HS|  |TAMS 0x0000000086400000, 0x0000000086400000| Complete 
| 100|0x0000000086400000, 0x0000000086500000, 0x0000000086500000|100%|HS|  |TAMS 0x0000000086500000, 0x0000000086500000| Complete 
| 101|0x0000000086500000, 0x0000000086600000, 0x0000000086600000|100%| O|  |TAMS 0x0000000086600000, 0x0000000086600000| Untracked 
| 102|0x0000000086600000, 0x0000000086700000, 0x0000000086700000|100%| O|  |TAMS 0x0000000086700000, 0x0000000086700000| Untracked 
| 103|0x0000000086700000, 0x0000000086800000, 0x0000000086800000|100%| O|  |TAMS 0x0000000086800000, 0x0000000086800000| Untracked 
| 104|0x0000000086800000, 0x0000000086900000, 0x0000000086900000|100%| O|  |TAMS 0x0000000086900000, 0x0000000086900000| Untracked 
| 105|0x0000000086900000, 0x0000000086a00000, 0x0000000086a00000|100%| O|  |TAMS 0x0000000086a00000, 0x0000000086a00000| Untracked 
| 106|0x0000000086a00000, 0x0000000086b00000, 0x0000000086b00000|100%| O|  |TAMS 0x0000000086b00000, 0x0000000086b00000| Untracked 
| 107|0x0000000086b00000, 0x0000000086c00000, 0x0000000086c00000|100%| O|  |TAMS 0x0000000086c00000, 0x0000000086c00000| Untracked 
| 108|0x0000000086c00000, 0x0000000086d00000, 0x0000000086d00000|100%| O|  |TAMS 0x0000000086d00000, 0x0000000086d00000| Untracked 
| 109|0x0000000086d00000, 0x0000000086e00000, 0x0000000086e00000|100%| O|  |TAMS 0x0000000086e00000, 0x0000000086e00000| Untracked 
| 110|0x0000000086e00000, 0x0000000086f00000, 0x0000000086f00000|100%| O|  |TAMS 0x0000000086f00000, 0x0000000086f00000| Untracked 
| 111|0x0000000086f00000, 0x0000000087000000, 0x0000000087000000|100%| O|  |TAMS 0x0000000087000000, 0x0000000087000000| Untracked 
| 112|0x0000000087000000, 0x0000000087100000, 0x0000000087100000|100%| O|  |TAMS 0x0000000087100000, 0x0000000087100000| Untracked 
| 113|0x0000000087100000, 0x0000000087200000, 0x0000000087200000|100%| O|  |TAMS 0x0000000087200000, 0x0000000087200000| Untracked 
| 114|0x0000000087200000, 0x0000000087300000, 0x0000000087300000|100%| O|  |TAMS 0x0000000087300000, 0x0000000087300000| Untracked 
| 115|0x0000000087300000, 0x0000000087400000, 0x0000000087400000|100%| O|  |TAMS 0x0000000087400000, 0x0000000087400000| Untracked 
| 116|0x0000000087400000, 0x0000000087500000, 0x0000000087500000|100%| O|  |TAMS 0x0000000087500000, 0x0000000087500000| Untracked 
| 117|0x0000000087500000, 0x0000000087600000, 0x0000000087600000|100%| O|  |TAMS 0x0000000087600000, 0x0000000087600000| Untracked 
| 118|0x0000000087600000, 0x0000000087700000, 0x0000000087700000|100%| O|  |TAMS 0x0000000087700000, 0x0000000087700000| Untracked 
| 119|0x0000000087700000, 0x0000000087800000, 0x0000000087800000|100%| O|  |TAMS 0x0000000087800000, 0x0000000087800000| Untracked 
| 120|0x0000000087800000, 0x0000000087900000, 0x0000000087900000|100%| O|  |TAMS 0x0000000087900000, 0x0000000087900000| Untracked 
| 121|0x0000000087900000, 0x0000000087a00000, 0x0000000087a00000|100%| O|  |TAMS 0x0000000087a00000, 0x0000000087a00000| Untracked 
| 122|0x0000000087a00000, 0x0000000087b00000, 0x0000000087b00000|100%| O|  |TAMS 0x0000000087b00000, 0x0000000087b00000| Untracked 
| 123|0x0000000087b00000, 0x0000000087c00000, 0x0000000087c00000|100%| O|  |TAMS 0x0000000087c00000, 0x0000000087c00000| Untracked 
| 124|0x0000000087c00000, 0x0000000087d00000, 0x0000000087d00000|100%| O|  |TAMS 0x0000000087d00000, 0x0000000087d00000| Untracked 
| 125|0x0000000087d00000, 0x0000000087e00000, 0x0000000087e00000|100%| O|  |TAMS 0x0000000087e00000, 0x0000000087e00000| Untracked 
| 126|0x0000000087e00000, 0x0000000087f00000, 0x0000000087f00000|100%| O|  |TAMS 0x0000000087f00000, 0x0000000087f00000| Untracked 
| 127|0x0000000087f00000, 0x0000000088000000, 0x0000000088000000|100%| O|  |TAMS 0x0000000088000000, 0x0000000088000000| Untracked 
| 128|0x0000000088000000, 0x0000000088100000, 0x0000000088100000|100%| O|  |TAMS 0x0000000088100000, 0x0000000088100000| Untracked 
| 129|0x0000000088100000, 0x0000000088200000, 0x0000000088200000|100%| O|  |TAMS 0x0000000088200000, 0x0000000088200000| Untracked 
| 130|0x0000000088200000, 0x0000000088300000, 0x0000000088300000|100%| O|  |TAMS 0x0000000088300000, 0x0000000088300000| Untracked 
| 131|0x0000000088300000, 0x0000000088400000, 0x0000000088400000|100%| O|  |TAMS 0x0000000088400000, 0x0000000088400000| Untracked 
| 132|0x0000000088400000, 0x0000000088500000, 0x0000000088500000|100%| O|  |TAMS 0x0000000088500000, 0x0000000088500000| Untracked 
| 133|0x0000000088500000, 0x0000000088600000, 0x0000000088600000|100%| O|  |TAMS 0x0000000088600000, 0x0000000088600000| Untracked 
| 134|0x0000000088600000, 0x0000000088700000, 0x0000000088700000|100%| O|  |TAMS 0x0000000088700000, 0x0000000088700000| Untracked 
| 135|0x0000000088700000, 0x0000000088800000, 0x0000000088800000|100%| O|  |TAMS 0x0000000088800000, 0x0000000088800000| Untracked 
| 136|0x0000000088800000, 0x0000000088900000, 0x0000000088900000|100%|HS|  |TAMS 0x0000000088800000, 0x0000000088900000| Complete 
| 137|0x0000000088900000, 0x0000000088a00000, 0x0000000088a00000|100%| O|  |TAMS 0x0000000088a00000, 0x0000000088a00000| Untracked 
| 138|0x0000000088a00000, 0x0000000088b00000, 0x0000000088b00000|100%| O|  |TAMS 0x0000000088b00000, 0x0000000088b00000| Untracked 
| 139|0x0000000088b00000, 0x0000000088c00000, 0x0000000088c00000|100%| O|  |TAMS 0x0000000088c00000, 0x0000000088c00000| Untracked 
| 140|0x0000000088c00000, 0x0000000088d00000, 0x0000000088d00000|100%| O|  |TAMS 0x0000000088d00000, 0x0000000088d00000| Untracked 
| 141|0x0000000088d00000, 0x0000000088e00000, 0x0000000088e00000|100%| O|  |TAMS 0x0000000088e00000, 0x0000000088e00000| Untracked 
| 142|0x0000000088e00000, 0x0000000088f00000, 0x0000000088f00000|100%| O|  |TAMS 0x0000000088f00000, 0x0000000088f00000| Untracked 
| 143|0x0000000088f00000, 0x0000000089000000, 0x0000000089000000|100%| O|  |TAMS 0x0000000089000000, 0x0000000089000000| Untracked 
| 144|0x0000000089000000, 0x0000000089100000, 0x0000000089100000|100%| O|  |TAMS 0x0000000089100000, 0x0000000089100000| Untracked 
| 145|0x0000000089100000, 0x0000000089200000, 0x0000000089200000|100%| O|  |TAMS 0x0000000089200000, 0x0000000089200000| Untracked 
| 146|0x0000000089200000, 0x0000000089300000, 0x0000000089300000|100%| O|  |TAMS 0x0000000089300000, 0x0000000089300000| Untracked 
| 147|0x0000000089300000, 0x0000000089400000, 0x0000000089400000|100%| O|  |TAMS 0x0000000089400000, 0x0000000089400000| Untracked 
| 148|0x0000000089400000, 0x0000000089500000, 0x0000000089500000|100%| O|  |TAMS 0x0000000089500000, 0x0000000089500000| Untracked 
| 149|0x0000000089500000, 0x0000000089600000, 0x0000000089600000|100%| O|  |TAMS 0x0000000089600000, 0x0000000089600000| Untracked 
| 150|0x0000000089600000, 0x0000000089700000, 0x0000000089700000|100%| O|  |TAMS 0x0000000089700000, 0x0000000089700000| Untracked 
| 151|0x0000000089700000, 0x0000000089800000, 0x0000000089800000|100%| O|  |TAMS 0x0000000089800000, 0x0000000089800000| Untracked 
| 152|0x0000000089800000, 0x0000000089900000, 0x0000000089900000|100%| O|  |TAMS 0x0000000089900000, 0x0000000089900000| Untracked 
| 153|0x0000000089900000, 0x0000000089a00000, 0x0000000089a00000|100%| O|  |TAMS 0x0000000089a00000, 0x0000000089a00000| Untracked 
| 154|0x0000000089a00000, 0x0000000089b00000, 0x0000000089b00000|100%| O|  |TAMS 0x0000000089b00000, 0x0000000089b00000| Untracked 
| 155|0x0000000089b00000, 0x0000000089c00000, 0x0000000089c00000|100%| O|  |TAMS 0x0000000089c00000, 0x0000000089c00000| Untracked 
| 156|0x0000000089c00000, 0x0000000089d00000, 0x0000000089d00000|100%| O|  |TAMS 0x0000000089d00000, 0x0000000089d00000| Untracked 
| 157|0x0000000089d00000, 0x0000000089e00000, 0x0000000089e00000|100%| O|  |TAMS 0x0000000089e00000, 0x0000000089e00000| Untracked 
| 158|0x0000000089e00000, 0x0000000089f00000, 0x0000000089f00000|100%| O|  |TAMS 0x0000000089f00000, 0x0000000089f00000| Untracked 
| 159|0x0000000089f00000, 0x000000008a000000, 0x000000008a000000|100%| O|  |TAMS 0x000000008a000000, 0x000000008a000000| Untracked 
| 160|0x000000008a000000, 0x000000008a100000, 0x000000008a100000|100%| O|  |TAMS 0x000000008a100000, 0x000000008a100000| Untracked 
| 161|0x000000008a100000, 0x000000008a200000, 0x000000008a200000|100%| O|  |TAMS 0x000000008a200000, 0x000000008a200000| Untracked 
| 162|0x000000008a200000, 0x000000008a300000, 0x000000008a300000|100%| O|  |TAMS 0x000000008a300000, 0x000000008a300000| Untracked 
| 163|0x000000008a300000, 0x000000008a400000, 0x000000008a400000|100%| O|  |TAMS 0x000000008a400000, 0x000000008a400000| Untracked 
| 164|0x000000008a400000, 0x000000008a500000, 0x000000008a500000|100%| O|  |TAMS 0x000000008a500000, 0x000000008a500000| Untracked 
| 165|0x000000008a500000, 0x000000008a600000, 0x000000008a600000|100%| O|  |TAMS 0x000000008a600000, 0x000000008a600000| Untracked 
| 166|0x000000008a600000, 0x000000008a600000, 0x000000008a700000|  0%| F|  |TAMS 0x000000008a600000, 0x000000008a600000| Untracked 
| 167|0x000000008a700000, 0x000000008a800000, 0x000000008a800000|100%|HS|  |TAMS 0x000000008a700000, 0x000000008a800000| Complete 
| 168|0x000000008a800000, 0x000000008a800000, 0x000000008a900000|  0%| F|  |TAMS 0x000000008a800000, 0x000000008a800000| Untracked 
| 169|0x000000008a900000, 0x000000008aa00000, 0x000000008aa00000|100%| O|  |TAMS 0x000000008aa00000, 0x000000008aa00000| Untracked 
| 170|0x000000008aa00000, 0x000000008ab00000, 0x000000008ab00000|100%| O|  |TAMS 0x000000008ab00000, 0x000000008ab00000| Untracked 
| 171|0x000000008ab00000, 0x000000008ac00000, 0x000000008ac00000|100%|HS|  |TAMS 0x000000008ab00000, 0x000000008ac00000| Complete 
| 172|0x000000008ac00000, 0x000000008ad00000, 0x000000008ad00000|100%|HS|  |TAMS 0x000000008ac00000, 0x000000008ad00000| Complete 
| 173|0x000000008ad00000, 0x000000008ae00000, 0x000000008ae00000|100%| O|  |TAMS 0x000000008ae00000, 0x000000008ae00000| Untracked 
| 174|0x000000008ae00000, 0x000000008af00000, 0x000000008af00000|100%| O|  |TAMS 0x000000008af00000, 0x000000008af00000| Untracked 
| 175|0x000000008af00000, 0x000000008b000000, 0x000000008b000000|100%| O|  |TAMS 0x000000008b000000, 0x000000008b000000| Untracked 
| 176|0x000000008b000000, 0x000000008b100000, 0x000000008b100000|100%| O|  |TAMS 0x000000008b100000, 0x000000008b100000| Untracked 
| 177|0x000000008b100000, 0x000000008b100000, 0x000000008b200000|  0%| F|  |TAMS 0x000000008b100000, 0x000000008b100000| Untracked 
| 178|0x000000008b200000, 0x000000008b300000, 0x000000008b300000|100%| O|  |TAMS 0x000000008b300000, 0x000000008b300000| Untracked 
| 179|0x000000008b300000, 0x000000008b400000, 0x000000008b400000|100%| O|  |TAMS 0x000000008b400000, 0x000000008b400000| Untracked 
| 180|0x000000008b400000, 0x000000008b500000, 0x000000008b500000|100%| O|  |TAMS 0x000000008b500000, 0x000000008b500000| Untracked 
| 181|0x000000008b500000, 0x000000008b600000, 0x000000008b600000|100%| O|  |TAMS 0x000000008b600000, 0x000000008b600000| Untracked 
| 182|0x000000008b600000, 0x000000008b700000, 0x000000008b700000|100%| O|  |TAMS 0x000000008b700000, 0x000000008b700000| Untracked 
| 183|0x000000008b700000, 0x000000008b700000, 0x000000008b800000|  0%| F|  |TAMS 0x000000008b700000, 0x000000008b700000| Untracked 
| 184|0x000000008b800000, 0x000000008b900000, 0x000000008b900000|100%| O|  |TAMS 0x000000008b800000, 0x000000008b900000| Untracked 
| 185|0x000000008b900000, 0x000000008ba00000, 0x000000008ba00000|100%| O|  |TAMS 0x000000008b900000, 0x000000008ba00000| Untracked 
| 186|0x000000008ba00000, 0x000000008bb00000, 0x000000008bb00000|100%| O|  |TAMS 0x000000008ba00000, 0x000000008bb00000| Untracked 
| 187|0x000000008bb00000, 0x000000008bc00000, 0x000000008bc00000|100%| O|  |TAMS 0x000000008bb00000, 0x000000008bc00000| Untracked 
| 188|0x000000008bc00000, 0x000000008bd00000, 0x000000008bd00000|100%| O|  |TAMS 0x000000008bc00000, 0x000000008bd00000| Untracked 
| 189|0x000000008bd00000, 0x000000008be00000, 0x000000008be00000|100%| O|  |TAMS 0x000000008bd00000, 0x000000008be00000| Untracked 
| 190|0x000000008be00000, 0x000000008bf00000, 0x000000008bf00000|100%| O|  |TAMS 0x000000008be00000, 0x000000008bf00000| Untracked 
| 191|0x000000008bf00000, 0x000000008c000000, 0x000000008c000000|100%| O|  |TAMS 0x000000008bf00000, 0x000000008c000000| Untracked 
| 192|0x000000008c000000, 0x000000008c100000, 0x000000008c100000|100%| O|  |TAMS 0x000000008c000000, 0x000000008c100000| Untracked 
| 193|0x000000008c100000, 0x000000008c18b600, 0x000000008c200000| 54%| O|  |TAMS 0x000000008c100000, 0x000000008c18b600| Untracked 
| 194|0x000000008c200000, 0x000000008c200000, 0x000000008c300000|  0%| F|  |TAMS 0x000000008c200000, 0x000000008c200000| Untracked 
| 195|0x000000008c300000, 0x000000008c300000, 0x000000008c400000|  0%| F|  |TAMS 0x000000008c300000, 0x000000008c300000| Untracked 
| 196|0x000000008c400000, 0x000000008c400000, 0x000000008c500000|  0%| F|  |TAMS 0x000000008c400000, 0x000000008c400000| Untracked 
| 197|0x000000008c500000, 0x000000008c500000, 0x000000008c600000|  0%| F|  |TAMS 0x000000008c500000, 0x000000008c500000| Untracked 
| 198|0x000000008c600000, 0x000000008c600000, 0x000000008c700000|  0%| F|  |TAMS 0x000000008c600000, 0x000000008c600000| Untracked 
| 199|0x000000008c700000, 0x000000008c700000, 0x000000008c800000|  0%| F|  |TAMS 0x000000008c700000, 0x000000008c700000| Untracked 
| 200|0x000000008c800000, 0x000000008c800000, 0x000000008c900000|  0%| F|  |TAMS 0x000000008c800000, 0x000000008c800000| Untracked 
| 201|0x000000008c900000, 0x000000008c900000, 0x000000008ca00000|  0%| F|  |TAMS 0x000000008c900000, 0x000000008c900000| Untracked 
| 202|0x000000008ca00000, 0x000000008ca00000, 0x000000008cb00000|  0%| F|  |TAMS 0x000000008ca00000, 0x000000008ca00000| Untracked 
| 203|0x000000008cb00000, 0x000000008cb00000, 0x000000008cc00000|  0%| F|  |TAMS 0x000000008cb00000, 0x000000008cb00000| Untracked 
| 204|0x000000008cc00000, 0x000000008cc00000, 0x000000008cd00000|  0%| F|  |TAMS 0x000000008cc00000, 0x000000008cc00000| Untracked 
| 205|0x000000008cd00000, 0x000000008cd00000, 0x000000008ce00000|  0%| F|  |TAMS 0x000000008cd00000, 0x000000008cd00000| Untracked 
| 206|0x000000008ce00000, 0x000000008ce00000, 0x000000008cf00000|  0%| F|  |TAMS 0x000000008ce00000, 0x000000008ce00000| Untracked 
| 207|0x000000008cf00000, 0x000000008cf00000, 0x000000008d000000|  0%| F|  |TAMS 0x000000008cf00000, 0x000000008cf00000| Untracked 
| 208|0x000000008d000000, 0x000000008d000000, 0x000000008d100000|  0%| F|  |TAMS 0x000000008d000000, 0x000000008d000000| Untracked 
| 209|0x000000008d100000, 0x000000008d100000, 0x000000008d200000|  0%| F|  |TAMS 0x000000008d100000, 0x000000008d100000| Untracked 
| 210|0x000000008d200000, 0x000000008d200000, 0x000000008d300000|  0%| F|  |TAMS 0x000000008d200000, 0x000000008d200000| Untracked 
| 211|0x000000008d300000, 0x000000008d300000, 0x000000008d400000|  0%| F|  |TAMS 0x000000008d300000, 0x000000008d300000| Untracked 
| 212|0x000000008d400000, 0x000000008d400000, 0x000000008d500000|  0%| F|  |TAMS 0x000000008d400000, 0x000000008d400000| Untracked 
| 213|0x000000008d500000, 0x000000008d500000, 0x000000008d600000|  0%| F|  |TAMS 0x000000008d500000, 0x000000008d500000| Untracked 
| 214|0x000000008d600000, 0x000000008d600000, 0x000000008d700000|  0%| F|  |TAMS 0x000000008d600000, 0x000000008d600000| Untracked 
| 215|0x000000008d700000, 0x000000008d700000, 0x000000008d800000|  0%| F|  |TAMS 0x000000008d700000, 0x000000008d700000| Untracked 
| 216|0x000000008d800000, 0x000000008d800000, 0x000000008d900000|  0%| F|  |TAMS 0x000000008d800000, 0x000000008d800000| Untracked 
| 217|0x000000008d900000, 0x000000008d900000, 0x000000008da00000|  0%| F|  |TAMS 0x000000008d900000, 0x000000008d900000| Untracked 
| 218|0x000000008da00000, 0x000000008da00000, 0x000000008db00000|  0%| F|  |TAMS 0x000000008da00000, 0x000000008da00000| Untracked 
| 219|0x000000008db00000, 0x000000008db00000, 0x000000008dc00000|  0%| F|  |TAMS 0x000000008db00000, 0x000000008db00000| Untracked 
| 220|0x000000008dc00000, 0x000000008dc00000, 0x000000008dd00000|  0%| F|  |TAMS 0x000000008dc00000, 0x000000008dc00000| Untracked 
| 221|0x000000008dd00000, 0x000000008dd00000, 0x000000008de00000|  0%| F|  |TAMS 0x000000008dd00000, 0x000000008dd00000| Untracked 
| 222|0x000000008de00000, 0x000000008de00000, 0x000000008df00000|  0%| F|  |TAMS 0x000000008de00000, 0x000000008de00000| Untracked 
| 223|0x000000008df00000, 0x000000008df00000, 0x000000008e000000|  0%| F|  |TAMS 0x000000008df00000, 0x000000008df00000| Untracked 
| 224|0x000000008e000000, 0x000000008e000000, 0x000000008e100000|  0%| F|  |TAMS 0x000000008e000000, 0x000000008e000000| Untracked 
| 225|0x000000008e100000, 0x000000008e100000, 0x000000008e200000|  0%| F|  |TAMS 0x000000008e100000, 0x000000008e100000| Untracked 
| 226|0x000000008e200000, 0x000000008e200000, 0x000000008e300000|  0%| F|  |TAMS 0x000000008e200000, 0x000000008e200000| Untracked 
| 227|0x000000008e300000, 0x000000008e300000, 0x000000008e400000|  0%| F|  |TAMS 0x000000008e300000, 0x000000008e300000| Untracked 
| 228|0x000000008e400000, 0x000000008e400000, 0x000000008e500000|  0%| F|  |TAMS 0x000000008e400000, 0x000000008e400000| Untracked 
| 229|0x000000008e500000, 0x000000008e500000, 0x000000008e600000|  0%| F|  |TAMS 0x000000008e500000, 0x000000008e500000| Untracked 
| 230|0x000000008e600000, 0x000000008e600000, 0x000000008e700000|  0%| F|  |TAMS 0x000000008e600000, 0x000000008e600000| Untracked 
| 231|0x000000008e700000, 0x000000008e700000, 0x000000008e800000|  0%| F|  |TAMS 0x000000008e700000, 0x000000008e700000| Untracked 
| 232|0x000000008e800000, 0x000000008e800000, 0x000000008e900000|  0%| F|  |TAMS 0x000000008e800000, 0x000000008e800000| Untracked 
| 233|0x000000008e900000, 0x000000008e900000, 0x000000008ea00000|  0%| F|  |TAMS 0x000000008e900000, 0x000000008e900000| Untracked 
| 234|0x000000008ea00000, 0x000000008ea00000, 0x000000008eb00000|  0%| F|  |TAMS 0x000000008ea00000, 0x000000008ea00000| Untracked 
| 235|0x000000008eb00000, 0x000000008eb00000, 0x000000008ec00000|  0%| F|  |TAMS 0x000000008eb00000, 0x000000008eb00000| Untracked 
| 236|0x000000008ec00000, 0x000000008ec00000, 0x000000008ed00000|  0%| F|  |TAMS 0x000000008ec00000, 0x000000008ec00000| Untracked 
| 237|0x000000008ed00000, 0x000000008ed00000, 0x000000008ee00000|  0%| F|  |TAMS 0x000000008ed00000, 0x000000008ed00000| Untracked 
| 238|0x000000008ee00000, 0x000000008ee00000, 0x000000008ef00000|  0%| F|  |TAMS 0x000000008ee00000, 0x000000008ee00000| Untracked 
| 239|0x000000008ef00000, 0x000000008ef00000, 0x000000008f000000|  0%| F|  |TAMS 0x000000008ef00000, 0x000000008ef00000| Untracked 
| 240|0x000000008f000000, 0x000000008f000000, 0x000000008f100000|  0%| F|  |TAMS 0x000000008f000000, 0x000000008f000000| Untracked 
| 241|0x000000008f100000, 0x000000008f100000, 0x000000008f200000|  0%| F|  |TAMS 0x000000008f100000, 0x000000008f100000| Untracked 
| 242|0x000000008f200000, 0x000000008f200000, 0x000000008f300000|  0%| F|  |TAMS 0x000000008f200000, 0x000000008f200000| Untracked 
| 243|0x000000008f300000, 0x000000008f300000, 0x000000008f400000|  0%| F|  |TAMS 0x000000008f300000, 0x000000008f300000| Untracked 
| 244|0x000000008f400000, 0x000000008f400000, 0x000000008f500000|  0%| F|  |TAMS 0x000000008f400000, 0x000000008f400000| Untracked 
| 245|0x000000008f500000, 0x000000008f500000, 0x000000008f600000|  0%| F|  |TAMS 0x000000008f500000, 0x000000008f500000| Untracked 
| 246|0x000000008f600000, 0x000000008f600000, 0x000000008f700000|  0%| F|  |TAMS 0x000000008f600000, 0x000000008f600000| Untracked 
| 247|0x000000008f700000, 0x000000008f700000, 0x000000008f800000|  0%| F|  |TAMS 0x000000008f700000, 0x000000008f700000| Untracked 
| 248|0x000000008f800000, 0x000000008f800000, 0x000000008f900000|  0%| F|  |TAMS 0x000000008f800000, 0x000000008f800000| Untracked 
| 249|0x000000008f900000, 0x000000008f900000, 0x000000008fa00000|  0%| F|  |TAMS 0x000000008f900000, 0x000000008f900000| Untracked 
| 250|0x000000008fa00000, 0x000000008fa00000, 0x000000008fb00000|  0%| F|  |TAMS 0x000000008fa00000, 0x000000008fa00000| Untracked 
| 251|0x000000008fb00000, 0x000000008fb00000, 0x000000008fc00000|  0%| F|  |TAMS 0x000000008fb00000, 0x000000008fb00000| Untracked 
| 252|0x000000008fc00000, 0x000000008fc00000, 0x000000008fd00000|  0%| F|  |TAMS 0x000000008fc00000, 0x000000008fc00000| Untracked 
| 253|0x000000008fd00000, 0x000000008fd00000, 0x000000008fe00000|  0%| F|  |TAMS 0x000000008fd00000, 0x000000008fd00000| Untracked 
| 254|0x000000008fe00000, 0x000000008fe00000, 0x000000008ff00000|  0%| F|  |TAMS 0x000000008fe00000, 0x000000008fe00000| Untracked 
| 255|0x000000008ff00000, 0x000000008ff00000, 0x0000000090000000|  0%| F|  |TAMS 0x000000008ff00000, 0x000000008ff00000| Untracked 
| 256|0x0000000090000000, 0x0000000090000000, 0x0000000090100000|  0%| F|  |TAMS 0x0000000090000000, 0x0000000090000000| Untracked 
| 257|0x0000000090100000, 0x0000000090100000, 0x0000000090200000|  0%| F|  |TAMS 0x0000000090100000, 0x0000000090100000| Untracked 
| 258|0x0000000090200000, 0x0000000090200000, 0x0000000090300000|  0%| F|  |TAMS 0x0000000090200000, 0x0000000090200000| Untracked 
| 259|0x0000000090300000, 0x0000000090300000, 0x0000000090400000|  0%| F|  |TAMS 0x0000000090300000, 0x0000000090300000| Untracked 
| 260|0x0000000090400000, 0x0000000090400000, 0x0000000090500000|  0%| F|  |TAMS 0x0000000090400000, 0x0000000090400000| Untracked 
| 261|0x0000000090500000, 0x0000000090500000, 0x0000000090600000|  0%| F|  |TAMS 0x0000000090500000, 0x0000000090500000| Untracked 
| 262|0x0000000090600000, 0x0000000090600000, 0x0000000090700000|  0%| F|  |TAMS 0x0000000090600000, 0x0000000090600000| Untracked 
| 263|0x0000000090700000, 0x0000000090700000, 0x0000000090800000|  0%| F|  |TAMS 0x0000000090700000, 0x0000000090700000| Untracked 
| 264|0x0000000090800000, 0x0000000090800000, 0x0000000090900000|  0%| F|  |TAMS 0x0000000090800000, 0x0000000090800000| Untracked 
| 265|0x0000000090900000, 0x0000000090900000, 0x0000000090a00000|  0%| F|  |TAMS 0x0000000090900000, 0x0000000090900000| Untracked 
| 266|0x0000000090a00000, 0x0000000090a00000, 0x0000000090b00000|  0%| F|  |TAMS 0x0000000090a00000, 0x0000000090a00000| Untracked 
| 267|0x0000000090b00000, 0x0000000090b00000, 0x0000000090c00000|  0%| F|  |TAMS 0x0000000090b00000, 0x0000000090b00000| Untracked 
| 268|0x0000000090c00000, 0x0000000090c00000, 0x0000000090d00000|  0%| F|  |TAMS 0x0000000090c00000, 0x0000000090c00000| Untracked 
| 269|0x0000000090d00000, 0x0000000090d00000, 0x0000000090e00000|  0%| F|  |TAMS 0x0000000090d00000, 0x0000000090d00000| Untracked 
| 270|0x0000000090e00000, 0x0000000090e00000, 0x0000000090f00000|  0%| F|  |TAMS 0x0000000090e00000, 0x0000000090e00000| Untracked 
| 271|0x0000000090f00000, 0x0000000090f00000, 0x0000000091000000|  0%| F|  |TAMS 0x0000000090f00000, 0x0000000090f00000| Untracked 
| 272|0x0000000091000000, 0x0000000091000000, 0x0000000091100000|  0%| F|  |TAMS 0x0000000091000000, 0x0000000091000000| Untracked 
| 273|0x0000000091100000, 0x0000000091100000, 0x0000000091200000|  0%| F|  |TAMS 0x0000000091100000, 0x0000000091100000| Untracked 
| 274|0x0000000091200000, 0x0000000091200000, 0x0000000091300000|  0%| F|  |TAMS 0x0000000091200000, 0x0000000091200000| Untracked 
| 275|0x0000000091300000, 0x0000000091300000, 0x0000000091400000|  0%| F|  |TAMS 0x0000000091300000, 0x0000000091300000| Untracked 
| 276|0x0000000091400000, 0x0000000091400000, 0x0000000091500000|  0%| F|  |TAMS 0x0000000091400000, 0x0000000091400000| Untracked 
| 277|0x0000000091500000, 0x0000000091500000, 0x0000000091600000|  0%| F|  |TAMS 0x0000000091500000, 0x0000000091500000| Untracked 
| 278|0x0000000091600000, 0x0000000091600000, 0x0000000091700000|  0%| F|  |TAMS 0x0000000091600000, 0x0000000091600000| Untracked 
| 279|0x0000000091700000, 0x0000000091700000, 0x0000000091800000|  0%| F|  |TAMS 0x0000000091700000, 0x0000000091700000| Untracked 
| 280|0x0000000091800000, 0x0000000091800000, 0x0000000091900000|  0%| F|  |TAMS 0x0000000091800000, 0x0000000091800000| Untracked 
| 281|0x0000000091900000, 0x0000000091900000, 0x0000000091a00000|  0%| F|  |TAMS 0x0000000091900000, 0x0000000091900000| Untracked 
| 282|0x0000000091a00000, 0x0000000091a00000, 0x0000000091b00000|  0%| F|  |TAMS 0x0000000091a00000, 0x0000000091a00000| Untracked 
| 283|0x0000000091b00000, 0x0000000091b00000, 0x0000000091c00000|  0%| F|  |TAMS 0x0000000091b00000, 0x0000000091b00000| Untracked 
| 284|0x0000000091c00000, 0x0000000091c00000, 0x0000000091d00000|  0%| F|  |TAMS 0x0000000091c00000, 0x0000000091c00000| Untracked 
| 285|0x0000000091d00000, 0x0000000091d00000, 0x0000000091e00000|  0%| F|  |TAMS 0x0000000091d00000, 0x0000000091d00000| Untracked 
| 286|0x0000000091e00000, 0x0000000091e00000, 0x0000000091f00000|  0%| F|  |TAMS 0x0000000091e00000, 0x0000000091e00000| Untracked 
| 287|0x0000000091f00000, 0x0000000091f00000, 0x0000000092000000|  0%| F|  |TAMS 0x0000000091f00000, 0x0000000091f00000| Untracked 
| 288|0x0000000092000000, 0x0000000092000000, 0x0000000092100000|  0%| F|  |TAMS 0x0000000092000000, 0x0000000092000000| Untracked 
| 289|0x0000000092100000, 0x0000000092100000, 0x0000000092200000|  0%| F|  |TAMS 0x0000000092100000, 0x0000000092100000| Untracked 
| 290|0x0000000092200000, 0x0000000092200000, 0x0000000092300000|  0%| F|  |TAMS 0x0000000092200000, 0x0000000092200000| Untracked 
| 291|0x0000000092300000, 0x0000000092300000, 0x0000000092400000|  0%| F|  |TAMS 0x0000000092300000, 0x0000000092300000| Untracked 
| 292|0x0000000092400000, 0x0000000092400000, 0x0000000092500000|  0%| F|  |TAMS 0x0000000092400000, 0x0000000092400000| Untracked 
| 293|0x0000000092500000, 0x0000000092500000, 0x0000000092600000|  0%| F|  |TAMS 0x0000000092500000, 0x0000000092500000| Untracked 
| 294|0x0000000092600000, 0x0000000092600000, 0x0000000092700000|  0%| F|  |TAMS 0x0000000092600000, 0x0000000092600000| Untracked 
| 295|0x0000000092700000, 0x0000000092700000, 0x0000000092800000|  0%| F|  |TAMS 0x0000000092700000, 0x0000000092700000| Untracked 
| 296|0x0000000092800000, 0x0000000092800000, 0x0000000092900000|  0%| F|  |TAMS 0x0000000092800000, 0x0000000092800000| Untracked 
| 297|0x0000000092900000, 0x0000000092900000, 0x0000000092a00000|  0%| F|  |TAMS 0x0000000092900000, 0x0000000092900000| Untracked 
| 298|0x0000000092a00000, 0x0000000092a00000, 0x0000000092b00000|  0%| F|  |TAMS 0x0000000092a00000, 0x0000000092a00000| Untracked 
| 299|0x0000000092b00000, 0x0000000092b00000, 0x0000000092c00000|  0%| F|  |TAMS 0x0000000092b00000, 0x0000000092b00000| Untracked 
| 300|0x0000000092c00000, 0x0000000092c00000, 0x0000000092d00000|  0%| F|  |TAMS 0x0000000092c00000, 0x0000000092c00000| Untracked 
| 301|0x0000000092d00000, 0x0000000092d00000, 0x0000000092e00000|  0%| F|  |TAMS 0x0000000092d00000, 0x0000000092d00000| Untracked 
| 302|0x0000000092e00000, 0x0000000092e14470, 0x0000000092f00000|  7%| S|CS|TAMS 0x0000000092e00000, 0x0000000092e00000| Complete 
| 303|0x0000000092f00000, 0x0000000093000000, 0x0000000093000000|100%| S|CS|TAMS 0x0000000092f00000, 0x0000000092f00000| Complete 
| 304|0x0000000093000000, 0x0000000093100000, 0x0000000093100000|100%| S|CS|TAMS 0x0000000093000000, 0x0000000093000000| Complete 
| 305|0x0000000093100000, 0x0000000093200000, 0x0000000093200000|100%| S|CS|TAMS 0x0000000093100000, 0x0000000093100000| Complete 
| 306|0x0000000093200000, 0x0000000093300000, 0x0000000093300000|100%| S|CS|TAMS 0x0000000093200000, 0x0000000093200000| Complete 
| 307|0x0000000093300000, 0x0000000093300000, 0x0000000093400000|  0%| F|  |TAMS 0x0000000093300000, 0x0000000093300000| Untracked 
| 308|0x0000000093400000, 0x0000000093400000, 0x0000000093500000|  0%| F|  |TAMS 0x0000000093400000, 0x0000000093400000| Untracked 
| 309|0x0000000093500000, 0x0000000093500000, 0x0000000093600000|  0%| F|  |TAMS 0x0000000093500000, 0x0000000093500000| Untracked 
| 310|0x0000000093600000, 0x0000000093600000, 0x0000000093700000|  0%| F|  |TAMS 0x0000000093600000, 0x0000000093600000| Untracked 
| 311|0x0000000093700000, 0x0000000093700000, 0x0000000093800000|  0%| F|  |TAMS 0x0000000093700000, 0x0000000093700000| Untracked 
| 312|0x0000000093800000, 0x0000000093800000, 0x0000000093900000|  0%| F|  |TAMS 0x0000000093800000, 0x0000000093800000| Untracked 
| 313|0x0000000093900000, 0x0000000093900000, 0x0000000093a00000|  0%| F|  |TAMS 0x0000000093900000, 0x0000000093900000| Untracked 
| 314|0x0000000093a00000, 0x0000000093a00000, 0x0000000093b00000|  0%| F|  |TAMS 0x0000000093a00000, 0x0000000093a00000| Untracked 
| 315|0x0000000093b00000, 0x0000000093b00000, 0x0000000093c00000|  0%| F|  |TAMS 0x0000000093b00000, 0x0000000093b00000| Untracked 
| 316|0x0000000093c00000, 0x0000000093c00000, 0x0000000093d00000|  0%| F|  |TAMS 0x0000000093c00000, 0x0000000093c00000| Untracked 
| 317|0x0000000093d00000, 0x0000000093d00000, 0x0000000093e00000|  0%| F|  |TAMS 0x0000000093d00000, 0x0000000093d00000| Untracked 
| 318|0x0000000093e00000, 0x0000000093e00000, 0x0000000093f00000|  0%| F|  |TAMS 0x0000000093e00000, 0x0000000093e00000| Untracked 
| 319|0x0000000093f00000, 0x0000000093f00000, 0x0000000094000000|  0%| F|  |TAMS 0x0000000093f00000, 0x0000000093f00000| Untracked 
| 320|0x0000000094000000, 0x0000000094000000, 0x0000000094100000|  0%| F|  |TAMS 0x0000000094000000, 0x0000000094000000| Untracked 

Card table byte_map: [0x000001b99ed80000,0x000001b99f180000] _byte_map_base: 0x000001b99e980000

Marking Bits (Prev, Next): (CMBitMap*) 0x000001b98beb34e0, (CMBitMap*) 0x000001b98beb34a8
 Prev Bits: [0x000001b9a1580000, 0x000001b9a3580000)
 Next Bits: [0x000001b99f580000, 0x000001b9a1580000)

Polling page: 0x000001b989e90000

Metaspace:

Usage:
  Non-class:    118.51 MB capacity,   116.15 MB ( 98%) used,     1.95 MB (  2%) free+waste,   423.81 KB ( <1%) overhead. 
      Class:     17.69 MB capacity,    16.27 MB ( 92%) used,     1.25 MB (  7%) free+waste,   183.44 KB (  1%) overhead. 
       Both:    136.21 MB capacity,   132.41 MB ( 97%) used,     3.20 MB (  2%) free+waste,   607.25 KB ( <1%) overhead. 

Virtual space:
  Non-class space:      120.00 MB reserved,     118.75 MB ( 99%) committed 
      Class space:        1.00 GB reserved,      17.70 MB (  2%) committed 
             Both:        1.12 GB reserved,     136.45 MB ( 12%) committed 

Chunk freelists:
   Non-Class:  0 bytes
       Class:  0 bytes
        Both:  0 bytes

MaxMetaspaceSize: 17179869184.00 GB
CompressedClassSpaceSize: 1.00 GB
Initial GC threshold: 20.80 MB
Current GC threshold: 227.00 MB
CDS: off

CodeHeap 'non-profiled nmethods': size=120064Kb used=15688Kb max_used=15688Kb free=104375Kb
 bounds [0x000001b997440000, 0x000001b9983a0000, 0x000001b99e980000]
CodeHeap 'profiled nmethods': size=120000Kb used=47095Kb max_used=47095Kb free=72904Kb
 bounds [0x000001b98ff10000, 0x000001b992d20000, 0x000001b997440000]
CodeHeap 'non-nmethods': size=5696Kb used=2476Kb max_used=2541Kb free=3220Kb
 bounds [0x000001b98f980000, 0x000001b98fc00000, 0x000001b98ff10000]
 total_blobs=22268 nmethods=21265 adapters=914
 compilation: enabled
              stopped_count=0, restarted_count=0
 full_count=0

Compilation events (20 events):
Event: 5039.744 Thread 0x000001b9a5aa7000 23419       3       com.android.tools.r8.internal.jj$$Lambda$1609/0x00000001011b1840::get$Lambda (11 bytes)
Event: 5039.745 Thread 0x000001b9a5aa7000 nmethod 23419 0x000001b992d0bb90 code [0x000001b992d0bd60, 0x000001b992d0c078]
Event: 5039.745 Thread 0x000001b9a5aa7000 23420       2       com.android.tools.r8.graph.N2::f (64 bytes)
Event: 5039.745 Thread 0x000001b9a5aa7000 nmethod 23420 0x000001b992d0c190 code [0x000001b992d0c3a0, 0x000001b992d0c718]
Event: 5039.753 Thread 0x000001b9a5aa2000 nmethod 23394 0x000001b99838e190 code [0x000001b99838e340, 0x000001b99838e9b8]
Event: 5039.753 Thread 0x000001b9a5aa2000 23412       4       com.android.tools.r8.internal.WC::b (46 bytes)
Event: 5039.754 Thread 0x000001b9a5aa2000 nmethod 23412 0x000001b99838ee10 code [0x000001b99838efa0, 0x000001b99838f038]
Event: 5039.754 Thread 0x000001b9a5aa2000 23395       4       com.android.tools.r8.graph.A::a (39 bytes)
Event: 5039.812 Thread 0x000001b9a5aa2000 nmethod 23395 0x000001b99838f110 code [0x000001b99838f2c0, 0x000001b99838f938]
Event: 5039.812 Thread 0x000001b9a5aa2000 23360       4       com.android.tools.r8.internal.IO::hasNext (14 bytes)
Event: 5039.813 Thread 0x000001b9a5aa2000 nmethod 23360 0x000001b99838fd10 code [0x000001b99838fea0, 0x000001b99838ff18]
Event: 5039.813 Thread 0x000001b9a5aa2000 23385       4       com.android.tools.r8.graph.L2::b (18 bytes)
Event: 5039.814 Thread 0x000001b9a5aa7000 23421       3       com.android.tools.r8.graph.e1::c0 (44 bytes)
Event: 5039.816 Thread 0x000001b9a5aa7000 nmethod 23421 0x000001b992d0c910 code [0x000001b992d0cbe0, 0x000001b992d0d878]
Event: 5039.819 Thread 0x000001b9a5aa7000 23424       3       com.android.tools.r8.internal.jj$$Lambda$1609/0x00000001011b1840::accept (20 bytes)
Event: 5039.819 Thread 0x000001b9a5aa7000 nmethod 23424 0x000001b992d0de10 code [0x000001b992d0dfe0, 0x000001b992d0e208]
Event: 5039.819 Thread 0x000001b9a5aa7000 23425       3       com.android.tools.r8.internal.jj::a (158 bytes)
Event: 5039.822 Thread 0x000001b9a5aa7000 nmethod 23425 0x000001b992d0e310 code [0x000001b992d0e680, 0x000001b992d0ffe8]
Event: 5039.935 Thread 0x000001b9a5aa2000 nmethod 23385 0x000001b998390010 code [0x000001b998390280, 0x000001b998391148]
Event: 5039.935 Thread 0x000001b9a5aa2000 23422       4       java.util.StringJoiner::add (104 bytes)

GC Heap History (20 events):
Event: 5027.617 GC heap after
{Heap after GC invocations=73 (full 0):
 garbage-first heap   total 273408K, used 139919K [0x0000000080000000, 0x0000000100000000)
  region size 1024K, 4 young (4096K), 4 survivors (4096K)
 Metaspace       used 125479K, capacity 128963K, committed 129228K, reserved 1161216K
  class space    used 15200K, capacity 16474K, committed 16588K, reserved 1048576K
}
Event: 5029.033 GC heap before
{Heap before GC invocations=74 (full 0):
 garbage-first heap   total 273408K, used 163471K [0x0000000080000000, 0x0000000100000000)
  region size 1024K, 27 young (27648K), 4 survivors (4096K)
 Metaspace       used 125911K, capacity 129540K, committed 129740K, reserved 1163264K
  class space    used 15260K, capacity 16567K, committed 16588K, reserved 1048576K
}
Event: 5029.044 GC heap after
{Heap after GC invocations=75 (full 0):
 garbage-first heap   total 273408K, used 136160K [0x0000000080000000, 0x0000000100000000)
  region size 1024K, 2 young (2048K), 2 survivors (2048K)
 Metaspace       used 125911K, capacity 129540K, committed 129740K, reserved 1163264K
  class space    used 15260K, capacity 16567K, committed 16588K, reserved 1048576K
}
Event: 5030.481 GC heap before
{Heap before GC invocations=76 (full 0):
 garbage-first heap   total 273408K, used 158688K [0x0000000080000000, 0x0000000100000000)
  region size 1024K, 22 young (22528K), 2 survivors (2048K)
 Metaspace       used 128415K, capacity 132109K, committed 132428K, reserved 1165312K
  class space    used 15597K, capacity 16908K, committed 16972K, reserved 1048576K
}
Event: 5030.496 GC heap after
{Heap after GC invocations=77 (full 0):
 garbage-first heap   total 273408K, used 143434K [0x0000000080000000, 0x0000000100000000)
  region size 1024K, 6 young (6144K), 6 survivors (6144K)
 Metaspace       used 128415K, capacity 132109K, committed 132428K, reserved 1165312K
  class space    used 15597K, capacity 16908K, committed 16972K, reserved 1048576K
}
Event: 5032.431 GC heap before
{Heap before GC invocations=78 (full 0):
 garbage-first heap   total 273408K, used 214090K [0x0000000080000000, 0x0000000100000000)
  region size 1024K, 67 young (68608K), 6 survivors (6144K)
 Metaspace       used 131288K, capacity 134969K, committed 135116K, reserved 1167360K
  class space    used 16163K, capacity 17499K, committed 17612K, reserved 1048576K
}
Event: 5032.481 GC heap after
{Heap after GC invocations=79 (full 0):
 garbage-first heap   total 273408K, used 161573K [0x0000000080000000, 0x0000000100000000)
  region size 1024K, 9 young (9216K), 9 survivors (9216K)
 Metaspace       used 131288K, capacity 134969K, committed 135116K, reserved 1167360K
  class space    used 16163K, capacity 17499K, committed 17612K, reserved 1048576K
}
Event: 5033.587 GC heap before
{Heap before GC invocations=79 (full 0):
 garbage-first heap   total 273408K, used 212773K [0x0000000080000000, 0x0000000100000000)
  region size 1024K, 60 young (61440K), 9 survivors (9216K)
 Metaspace       used 131898K, capacity 135550K, committed 135628K, reserved 1167360K
  class space    used 16199K, capacity 17536K, committed 17612K, reserved 1048576K
}
Event: 5033.713 GC heap after
{Heap after GC invocations=80 (full 0):
 garbage-first heap   total 273408K, used 185550K [0x0000000080000000, 0x0000000100000000)
  region size 1024K, 8 young (8192K), 8 survivors (8192K)
 Metaspace       used 131898K, capacity 135550K, committed 135628K, reserved 1167360K
  class space    used 16199K, capacity 17536K, committed 17612K, reserved 1048576K
}
Event: 5035.495 GC heap before
{Heap before GC invocations=81 (full 0):
 garbage-first heap   total 273408K, used 215246K [0x0000000080000000, 0x0000000100000000)
  region size 1024K, 41 young (41984K), 8 survivors (8192K)
 Metaspace       used 134763K, capacity 138628K, committed 138828K, reserved 1169408K
  class space    used 16568K, capacity 17974K, committed 17996K, reserved 1048576K
}
Event: 5035.577 GC heap after
{Heap after GC invocations=82 (full 0):
 garbage-first heap   total 328704K, used 186124K [0x0000000080000000, 0x0000000100000000)
  region size 1024K, 4 young (4096K), 4 survivors (4096K)
 Metaspace       used 134763K, capacity 138628K, committed 138828K, reserved 1169408K
  class space    used 16568K, capacity 17974K, committed 17996K, reserved 1048576K
}
Event: 5036.283 GC heap before
{Heap before GC invocations=82 (full 0):
 garbage-first heap   total 328704K, used 197388K [0x0000000080000000, 0x0000000100000000)
  region size 1024K, 16 young (16384K), 4 survivors (4096K)
 Metaspace       used 135073K, capacity 138937K, committed 139212K, reserved 1171456K
  class space    used 16604K, capacity 18054K, committed 18124K, reserved 1048576K
}
Event: 5036.328 GC heap after
{Heap after GC invocations=83 (full 0):
 garbage-first heap   total 328704K, used 185088K [0x0000000080000000, 0x0000000100000000)
  region size 1024K, 2 young (2048K), 2 survivors (2048K)
 Metaspace       used 135073K, capacity 138937K, committed 139212K, reserved 1171456K
  class space    used 16604K, capacity 18054K, committed 18124K, reserved 1048576K
}
Event: 5036.337 GC heap before
{Heap before GC invocations=83 (full 0):
 garbage-first heap   total 328704K, used 185088K [0x0000000080000000, 0x0000000100000000)
  region size 1024K, 3 young (3072K), 2 survivors (2048K)
 Metaspace       used 135073K, capacity 138937K, committed 139212K, reserved 1171456K
  class space    used 16604K, capacity 18054K, committed 18124K, reserved 1048576K
}
Event: 5036.361 GC heap after
{Heap after GC invocations=84 (full 0):
 garbage-first heap   total 328704K, used 184952K [0x0000000080000000, 0x0000000100000000)
  region size 1024K, 2 young (2048K), 2 survivors (2048K)
 Metaspace       used 135073K, capacity 138937K, committed 139212K, reserved 1171456K
  class space    used 16604K, capacity 18054K, committed 18124K, reserved 1048576K
}
Event: 5039.758 GC heap before
{Heap before GC invocations=85 (full 0):
 garbage-first heap   total 328704K, used 237176K [0x0000000080000000, 0x0000000100000000)
  region size 1024K, 49 young (50176K), 2 survivors (2048K)
 Metaspace       used 135591K, capacity 139475K, committed 139724K, reserved 1171456K
  class space    used 16658K, capacity 18119K, committed 18124K, reserved 1048576K
}
Event: 5039.811 GC heap after
{Heap after GC invocations=86 (full 0):
 garbage-first heap   total 328704K, used 196224K [0x0000000080000000, 0x0000000100000000)
  region size 1024K, 7 young (7168K), 7 survivors (7168K)
 Metaspace       used 135591K, capacity 139475K, committed 139724K, reserved 1171456K
  class space    used 16658K, capacity 18119K, committed 18124K, reserved 1048576K
}
Event: 5039.843 GC heap before
{Heap before GC invocations=86 (full 0):
 garbage-first heap   total 328704K, used 204416K [0x0000000080000000, 0x0000000100000000)
  region size 1024K, 16 young (16384K), 7 survivors (7168K)
 Metaspace       used 135591K, capacity 139475K, committed 139724K, reserved 1171456K
  class space    used 16658K, capacity 18119K, committed 18124K, reserved 1048576K
}
Event: 5039.884 GC heap after
{Heap after GC invocations=87 (full 0):
 garbage-first heap   total 328704K, used 196093K [0x0000000080000000, 0x0000000100000000)
  region size 1024K, 2 young (2048K), 2 survivors (2048K)
 Metaspace       used 135591K, capacity 139475K, committed 139724K, reserved 1171456K
  class space    used 16658K, capacity 18119K, committed 18124K, reserved 1048576K
}
Event: 5039.942 GC heap before
{Heap before GC invocations=87 (full 0):
 garbage-first heap   total 328704K, used 207357K [0x0000000080000000, 0x0000000100000000)
  region size 1024K, 14 young (14336K), 2 survivors (2048K)
 Metaspace       used 135591K, capacity 139475K, committed 139724K, reserved 1171456K
  class space    used 16658K, capacity 18119K, committed 18124K, reserved 1048576K
}

Deoptimization events (20 events):
Event: 5039.531 Thread 0x000001b9ad1ed800 DEOPT PACKING pc=0x000001b99833e77c sp=0x000000566a6fe660
Event: 5039.531 Thread 0x000001b9ad1ed800 DEOPT UNPACKING pc=0x000001b98f9ca1af sp=0x000000566a6fe5e8 mode 2
Event: 5039.668 Thread 0x000001b9ad1ed800 DEOPT PACKING pc=0x000001b992cf4d29 sp=0x000000566a6fe530
Event: 5039.668 Thread 0x000001b9ad1ed800 DEOPT UNPACKING pc=0x000001b98f9ca95e sp=0x000000566a6fd9d8 mode 0
Event: 5039.739 Thread 0x000001b9ad1ed800 Uncommon trap: trap_request=0xffffffbe fr.pc=0x000001b99838cdfc relative=0x000000000000079c
Event: 5039.739 Thread 0x000001b9ad1ed800 Uncommon trap: reason=profile_predicate action=maybe_recompile pc=0x000001b99838cdfc method=com.android.tools.r8.graph.N2.f(Ljava/util/function/Function;)Lcom/android/tools/r8/internal/PW; @ 21 c2
Event: 5039.739 Thread 0x000001b9ad1ed800 DEOPT PACKING pc=0x000001b99838cdfc sp=0x000000566a6fe7a0
Event: 5039.739 Thread 0x000001b9ad1ed800 DEOPT UNPACKING pc=0x000001b98f9ca1af sp=0x000000566a6fe798 mode 2
Event: 5039.739 Thread 0x000001b9ad1ed800 Uncommon trap: trap_request=0xffffffbe fr.pc=0x000001b99838cdfc relative=0x000000000000079c
Event: 5039.739 Thread 0x000001b9ad1ed800 Uncommon trap: reason=profile_predicate action=maybe_recompile pc=0x000001b99838cdfc method=com.android.tools.r8.graph.N2.f(Ljava/util/function/Function;)Lcom/android/tools/r8/internal/PW; @ 21 c2
Event: 5039.739 Thread 0x000001b9ad1ed800 DEOPT PACKING pc=0x000001b99838cdfc sp=0x000000566a6fe7a0
Event: 5039.739 Thread 0x000001b9ad1ed800 DEOPT UNPACKING pc=0x000001b98f9ca1af sp=0x000000566a6fe798 mode 2
Event: 5039.740 Thread 0x000001b9ad1ed800 Uncommon trap: trap_request=0xffffffbe fr.pc=0x000001b99838cdfc relative=0x000000000000079c
Event: 5039.740 Thread 0x000001b9ad1ed800 Uncommon trap: reason=profile_predicate action=maybe_recompile pc=0x000001b99838cdfc method=com.android.tools.r8.graph.N2.f(Ljava/util/function/Function;)Lcom/android/tools/r8/internal/PW; @ 21 c2
Event: 5039.740 Thread 0x000001b9ad1ed800 DEOPT PACKING pc=0x000001b99838cdfc sp=0x000000566a6fe7a0
Event: 5039.740 Thread 0x000001b9ad1ed800 DEOPT UNPACKING pc=0x000001b98f9ca1af sp=0x000000566a6fe798 mode 2
Event: 5039.743 Thread 0x000001b9ad1ed800 Uncommon trap: trap_request=0xffffffbe fr.pc=0x000001b99838cdfc relative=0x000000000000079c
Event: 5039.743 Thread 0x000001b9ad1ed800 Uncommon trap: reason=profile_predicate action=maybe_recompile pc=0x000001b99838cdfc method=com.android.tools.r8.graph.N2.f(Ljava/util/function/Function;)Lcom/android/tools/r8/internal/PW; @ 21 c2
Event: 5039.743 Thread 0x000001b9ad1ed800 DEOPT PACKING pc=0x000001b99838cdfc sp=0x000000566a6fe7a0
Event: 5039.743 Thread 0x000001b9ad1ed800 DEOPT UNPACKING pc=0x000001b98f9ca1af sp=0x000000566a6fe798 mode 2

Classes redefined (0 events):
No events

Internal exceptions (20 events):
Event: 5035.125 Thread 0x000001b9b09de800 Exception <a 'java/lang/NoSuchMethodError'{0x000000008f7641e0}: 'java.lang.Object java.lang.invoke.Invokers$Holder.linkToTargetMethod(java.lang.Object, java.lang.Object, java.lang.Object, int, java.lang.Object, java.lang.Object, java.lang.Object)'> (0x000000008f7641e0) thrown at [./src/hotspot/share/interpreter/linkResolver.cpp, line 773]
Event: 5035.130 Thread 0x000001b9b09de800 Exception <a 'java/lang/NoSuchMethodError'{0x000000008f777498}: 'void java.lang.invoke.DirectMethodHandle$Holder.invokeStatic(java.lang.Object, java.lang.Object, java.lang.Object, java.lang.Object, java.lang.Object, java.lang.Object, java.lang.Object, java.lang.Object)'> (0x000000008f777498) thrown at [./src/hotspot/share/interpreter/linkResolver.cpp, line 773]
Event: 5035.154 Thread 0x000001b9b09dd000 Exception <a 'sun/nio/fs/WindowsException'{0x0000000090a33940}> (0x0000000090a33940) thrown at [./src/hotspot/share/prims/jni.cpp, line 615]
Event: 5035.154 Thread 0x000001b9b09dd000 Exception <a 'sun/nio/fs/WindowsException'{0x0000000090a34800}> (0x0000000090a34800) thrown at [./src/hotspot/share/prims/jni.cpp, line 615]
Event: 5035.156 Thread 0x000001b9b09dd000 Exception <a 'sun/nio/fs/WindowsException'{0x0000000090a34c00}> (0x0000000090a34c00) thrown at [./src/hotspot/share/prims/jni.cpp, line 615]
Event: 5035.156 Thread 0x000001b9b09dd000 Exception <a 'sun/nio/fs/WindowsException'{0x0000000090a35aa0}> (0x0000000090a35aa0) thrown at [./src/hotspot/share/prims/jni.cpp, line 615]
Event: 5035.156 Thread 0x000001b9b09dd000 Exception <a 'sun/nio/fs/WindowsException'{0x0000000090a35de8}> (0x0000000090a35de8) thrown at [./src/hotspot/share/prims/jni.cpp, line 615]
Event: 5035.156 Thread 0x000001b9b09dd000 Exception <a 'sun/nio/fs/WindowsException'{0x0000000090a36ca0}> (0x0000000090a36ca0) thrown at [./src/hotspot/share/prims/jni.cpp, line 615]
Event: 5035.157 Thread 0x000001b9b09dd000 Exception <a 'sun/nio/fs/WindowsException'{0x0000000090a36f88}> (0x0000000090a36f88) thrown at [./src/hotspot/share/prims/jni.cpp, line 615]
Event: 5035.157 Thread 0x000001b9b09dd000 Exception <a 'sun/nio/fs/WindowsException'{0x0000000090a37e10}> (0x0000000090a37e10) thrown at [./src/hotspot/share/prims/jni.cpp, line 615]
Event: 5035.182 Thread 0x000001b9b09dd000 Exception <a 'java/lang/NoSuchMethodError'{0x000000008f6fddc8}: <clinit>> (0x000000008f6fddc8) thrown at [./src/hotspot/share/prims/jni.cpp, line 1365]
Event: 5035.196 Thread 0x000001b9b09dd000 Exception <a 'java/lang/NoSuchMethodError'{0x000000008f5e6ed8}: <clinit>> (0x000000008f5e6ed8) thrown at [./src/hotspot/share/prims/jni.cpp, line 1365]
Event: 5035.199 Thread 0x000001b9b09dd000 Exception <a 'java/lang/NoSuchMethodError'{0x000000008f44c0b0}: <clinit>> (0x000000008f44c0b0) thrown at [./src/hotspot/share/prims/jni.cpp, line 1365]
Event: 5035.679 Thread 0x000001b9b09e0000 Exception <a 'java/lang/NoSuchMethodError'{0x0000000093fee720}: 'void java.lang.invoke.DirectMethodHandle$Holder.invokeStatic(java.lang.Object, long)'> (0x0000000093fee720) thrown at [./src/hotspot/share/interpreter/linkResolver.cpp, line 773]
Event: 5035.680 Thread 0x000001b9b09e0000 Exception <a 'java/lang/NoSuchMethodError'{0x0000000093ff3ba8}: 'java.lang.Object java.lang.invoke.DirectMethodHandle$Holder.invokeStatic(java.lang.Object, long)'> (0x0000000093ff3ba8) thrown at [./src/hotspot/share/interpreter/linkResolver.cpp, line 773]
Event: 5035.681 Thread 0x000001b9b09e0000 Exception <a 'java/lang/NoSuchMethodError'{0x0000000093ffa180}: 'java.lang.Object java.lang.invoke.Invokers$Holder.linkToTargetMethod(long, java.lang.Object)'> (0x0000000093ffa180) thrown at [./src/hotspot/share/interpreter/linkResolver.cpp, line 773]
Event: 5035.685 Thread 0x000001b9b09e0000 Exception <a 'java/lang/NoSuchMethodError'{0x0000000093e03548}: 'java.lang.Object java.lang.invoke.DirectMethodHandle$Holder.invokeStaticInit(java.lang.Object, java.lang.Object, long, java.lang.Object)'> (0x0000000093e03548) thrown at [./src/hotspot/share/interpreter/linkResolver.cpp, line 773]
Event: 5035.686 Thread 0x000001b9b09e0000 Exception <a 'java/lang/NoSuchMethodError'{0x0000000093e09b98}: 'java.lang.Object java.lang.invoke.DirectMethodHandle$Holder.invokeStatic(java.lang.Object, java.lang.Object, long)'> (0x0000000093e09b98) thrown at [./src/hotspot/share/interpreter/linkResolver.cpp, line 773]
Event: 5035.687 Thread 0x000001b9b09e0000 Exception <a 'java/lang/NoSuchMethodError'{0x0000000093e10378}: 'java.lang.Object java.lang.invoke.Invokers$Holder.linkToTargetMethod(java.lang.Object, long, java.lang.Object)'> (0x0000000093e10378) thrown at [./src/hotspot/share/interpreter/linkResolver.cpp, line 773]
Event: 5036.882 Thread 0x000001b9b09de800 Exception <a 'java/lang/IncompatibleClassChangeError'{0x00000000936379b8}: Found class java.lang.Object, but interface was expected> (0x00000000936379b8) thrown at [./src/hotspot/share/interpreter/linkResolver.cpp, line 839]

Events (20 events):
Event: 5039.677 loading class com/android/tools/r8/graph/N2 done
Event: 5039.688 loading class com/android/tools/r8/internal/gj
Event: 5039.688 loading class com/android/tools/r8/internal/gj done
Event: 5039.689 loading class com/android/tools/r8/graph/Z2
Event: 5039.689 loading class com/android/tools/r8/graph/Z2 done
Event: 5039.689 loading class com/android/tools/r8/internal/jj
Event: 5039.689 loading class com/android/tools/r8/internal/jj done
Event: 5039.689 loading class com/android/tools/r8/internal/DK
Event: 5039.690 loading class com/android/tools/r8/internal/DK done
Event: 5039.690 loading class com/android/tools/r8/naming/C$b
Event: 5039.690 loading class com/android/tools/r8/naming/C$b done
Event: 5039.691 loading class com/android/tools/r8/naming/C$c
Event: 5039.691 loading class com/android/tools/r8/naming/C$c done
Event: 5039.692 loading class com/android/tools/r8/naming/C
Event: 5039.692 loading class com/android/tools/r8/naming/C done
Event: 5039.758 Executing VM operation: G1CollectForAllocation
Event: 5039.811 Executing VM operation: G1CollectForAllocation done
Event: 5039.843 Executing VM operation: G1CollectForAllocation
Event: 5039.885 Executing VM operation: G1CollectForAllocation done
Event: 5039.942 Executing VM operation: G1CollectForAllocation


Dynamic libraries:
0x00007ff7ce590000 - 0x00007ff7ce59a000 	C:\Program Files\Android\Android Studio\jre\bin\java.exe
0x00007ffeefdb0000 - 0x00007ffeeffa8000 	C:\WINDOWS\SYSTEM32\ntdll.dll
0x00007ffeefa70000 - 0x00007ffeefb2d000 	C:\WINDOWS\System32\KERNEL32.DLL
0x00007ffeed820000 - 0x00007ffeedaee000 	C:\WINDOWS\System32\KERNELBASE.dll
0x00007ffeedd10000 - 0x00007ffeede10000 	C:\WINDOWS\System32\ucrtbase.dll
0x00007ffecb7e0000 - 0x00007ffecb7f9000 	C:\Program Files\Android\Android Studio\jre\bin\jli.dll
0x00007ffeb0950000 - 0x00007ffeb0967000 	C:\Program Files\Android\Android Studio\jre\bin\VCRUNTIME140.dll
0x00007ffeedf70000 - 0x00007ffeee110000 	C:\WINDOWS\System32\USER32.dll
0x00007ffeedb40000 - 0x00007ffeedb62000 	C:\WINDOWS\System32\win32u.dll
0x00007ffede9e0000 - 0x00007ffedec7a000 	C:\WINDOWS\WinSxS\amd64_microsoft.windows.common-controls_6595b64144ccf1df_6.0.19041.1110_none_60b5254171f9507e\COMCTL32.dll
0x00007ffeefc10000 - 0x00007ffeefc3a000 	C:\WINDOWS\System32\GDI32.dll
0x00007ffeef9d0000 - 0x00007ffeefa6e000 	C:\WINDOWS\System32\msvcrt.dll
0x00007ffeed4d0000 - 0x00007ffeed5db000 	C:\WINDOWS\System32\gdi32full.dll
0x00007ffeedb70000 - 0x00007ffeedc0d000 	C:\WINDOWS\System32\msvcp_win.dll
0x00007ffeee440000 - 0x00007ffeee470000 	C:\WINDOWS\System32\IMM32.DLL
0x00007ffea68b0000 - 0x00007ffea694d000 	C:\Program Files\Android\Android Studio\jre\bin\msvcp140.dll
0x00007ffe83f10000 - 0x00007ffe849f5000 	C:\Program Files\Android\Android Studio\jre\bin\server\jvm.dll
0x00007ffeede10000 - 0x00007ffeedebe000 	C:\WINDOWS\System32\ADVAPI32.dll
0x00007ffeee110000 - 0x00007ffeee1ac000 	C:\WINDOWS\System32\sechost.dll
0x00007ffeee500000 - 0x00007ffeee625000 	C:\WINDOWS\System32\RPCRT4.dll
0x00007ffeee630000 - 0x00007ffeee638000 	C:\WINDOWS\System32\PSAPI.DLL
0x00007ffedc9d0000 - 0x00007ffedc9d9000 	C:\WINDOWS\SYSTEM32\WSOCK32.dll
0x00007ffeccbe0000 - 0x00007ffeccc07000 	C:\WINDOWS\SYSTEM32\WINMM.dll
0x00007ffeef150000 - 0x00007ffeef1bb000 	C:\WINDOWS\System32\WS2_32.dll
0x00007ffedf030000 - 0x00007ffedf03a000 	C:\WINDOWS\SYSTEM32\VERSION.dll
0x00007ffeebd60000 - 0x00007ffeebd72000 	C:\WINDOWS\SYSTEM32\kernel.appcore.dll
0x00007ffec98d0000 - 0x00007ffec98e1000 	C:\Program Files\Android\Android Studio\jre\bin\verify.dll
0x00007ffeeba30000 - 0x00007ffeebc14000 	C:\WINDOWS\SYSTEM32\DBGHELP.DLL
0x00007ffeda6c0000 - 0x00007ffeda6ec000 	C:\WINDOWS\SYSTEM32\dbgcore.DLL
0x00007ffeedc10000 - 0x00007ffeedc92000 	C:\WINDOWS\System32\bcryptPrimitives.dll
0x00007ffec98a0000 - 0x00007ffec98c9000 	C:\Program Files\Android\Android Studio\jre\bin\java.dll
0x00007ffedccc0000 - 0x00007ffedcccb000 	C:\Program Files\Android\Android Studio\jre\bin\jimage.dll
0x00007ffec9880000 - 0x00007ffec9898000 	C:\Program Files\Android\Android Studio\jre\bin\zip.dll
0x00007ffeee6a0000 - 0x00007ffeeede4000 	C:\WINDOWS\System32\SHELL32.dll
0x00007ffeeb1c0000 - 0x00007ffeeb954000 	C:\WINDOWS\SYSTEM32\windows.storage.dll
0x00007ffeeedf0000 - 0x00007ffeef144000 	C:\WINDOWS\System32\combase.dll
0x00007ffeece60000 - 0x00007ffeece90000 	C:\WINDOWS\SYSTEM32\Wldp.dll
0x00007ffeedec0000 - 0x00007ffeedf6d000 	C:\WINDOWS\System32\SHCORE.dll
0x00007ffeee2a0000 - 0x00007ffeee2f5000 	C:\WINDOWS\System32\shlwapi.dll
0x00007ffeed410000 - 0x00007ffeed42f000 	C:\WINDOWS\SYSTEM32\profapi.dll
0x00007ffec9600000 - 0x00007ffec961a000 	C:\Program Files\Android\Android Studio\jre\bin\net.dll
0x00007ffedf3f0000 - 0x00007ffedf4fa000 	C:\WINDOWS\SYSTEM32\WINHTTP.dll
0x00007ffeecbc0000 - 0x00007ffeecc2a000 	C:\WINDOWS\system32\mswsock.dll
0x00007ffec2100000 - 0x00007ffec2114000 	C:\Program Files\Android\Android Studio\jre\bin\nio.dll
0x00007ffecb800000 - 0x00007ffecb827000 	C:\Users\YANG\.gradle\native\e1d6ef7f7dcc3fd88c89a11ec53ec762bb8ba0a96d01ffa2cd45eb1d1d8dd5c5\windows-amd64\native-platform.dll
0x00007ffe904c0000 - 0x00007ffe90604000 	C:\Users\YANG\.gradle\native\5664cfc778a61ccfe75a443a1ab52a65af34e5dc3c78e0209fed803814484fcb\windows-amd64\native-platform-file-events.dll
0x00007ffed46c0000 - 0x00007ffed46ca000 	C:\Program Files\Android\Android Studio\jre\bin\management.dll
0x00007ffed31e0000 - 0x00007ffed31ed000 	C:\Program Files\Android\Android Studio\jre\bin\management_ext.dll
0x00007ffeecdb0000 - 0x00007ffeecdc8000 	C:\WINDOWS\SYSTEM32\CRYPTSP.dll
0x00007ffeec540000 - 0x00007ffeec574000 	C:\WINDOWS\system32\rsaenh.dll
0x00007ffeed7f0000 - 0x00007ffeed817000 	C:\WINDOWS\System32\bcrypt.dll
0x00007ffeed3d0000 - 0x00007ffeed3fe000 	C:\WINDOWS\SYSTEM32\USERENV.dll
0x00007ffeecdd0000 - 0x00007ffeecddc000 	C:\WINDOWS\SYSTEM32\CRYPTBASE.dll
0x00007ffeec8b0000 - 0x00007ffeec8eb000 	C:\WINDOWS\SYSTEM32\IPHLPAPI.DLL
0x00007ffeee4f0000 - 0x00007ffeee4f8000 	C:\WINDOWS\System32\NSI.dll
0x00007ffee3010000 - 0x00007ffee3027000 	C:\WINDOWS\SYSTEM32\dhcpcsvc6.DLL
0x00007ffee2ff0000 - 0x00007ffee300d000 	C:\WINDOWS\SYSTEM32\dhcpcsvc.DLL
0x00007ffeec8f0000 - 0x00007ffeec9bb000 	C:\WINDOWS\SYSTEM32\DNSAPI.dll
0x00007ffeec1d0000 - 0x00007ffeec203000 	C:\WINDOWS\SYSTEM32\ntmarta.dll

dbghelp: loaded successfully - version: 4.0.5 - missing functions: none
symbol engine: initialized successfully - sym options: 0x614 - pdb path: .;C:\Program Files\Android\Android Studio\jre\bin;C:\WINDOWS\SYSTEM32;C:\WINDOWS\WinSxS\amd64_microsoft.windows.common-controls_6595b64144ccf1df_6.0.19041.1110_none_60b5254171f9507e;C:\Program Files\Android\Android Studio\jre\bin\server;C:\Users\YANG\.gradle\native\e1d6ef7f7dcc3fd88c89a11ec53ec762bb8ba0a96d01ffa2cd45eb1d1d8dd5c5\windows-amd64;C:\Users\YANG\.gradle\native\5664cfc778a61ccfe75a443a1ab52a65af34e5dc3c78e0209fed803814484fcb\windows-amd64

VM Arguments:
jvm_args: --add-opens=java.base/java.util=ALL-UNNAMED --add-opens=java.base/java.lang=ALL-UNNAMED --add-opens=java.base/java.lang.invoke=ALL-UNNAMED --add-opens=java.base/java.util=ALL-UNNAMED --add-opens=java.prefs/java.util.prefs=ALL-UNNAMED --add-opens=java.prefs/java.util.prefs=ALL-UNNAMED --add-opens=java.base/java.nio.charset=ALL-UNNAMED --add-opens=java.base/java.net=ALL-UNNAMED --add-opens=java.base/java.util.concurrent.atomic=ALL-UNNAMED -Xmx2048m -Dfile.encoding=UTF-8 -Duser.country=CN -Duser.language=zh -Duser.variant 
java_command: org.gradle.launcher.daemon.bootstrap.GradleDaemon 7.3.3
java_class_path (initial): C:\Users\YANG\.gradle\wrapper\dists\gradle-7.3.3-bin\6a41zxkdtcxs8rphpq6y0069z\gradle-7.3.3\lib\gradle-launcher-7.3.3.jar
Launcher Type: SUN_STANDARD

[Global flags]
     intx CICompilerCount                          = 3                                         {product} {ergonomic}
     uint ConcGCThreads                            = 1                                         {product} {ergonomic}
     uint G1ConcRefinementThreads                  = 4                                         {product} {ergonomic}
   size_t G1HeapRegionSize                         = 1048576                                   {product} {ergonomic}
    uintx GCDrainStackTargetSize                   = 64                                        {product} {ergonomic}
   size_t InitialHeapSize                          = 134217728                                 {product} {ergonomic}
   size_t MarkStackSize                            = 4194304                                   {product} {ergonomic}
   size_t MaxHeapSize                              = 2147483648                                {product} {command line}
   size_t MaxNewSize                               = 1287651328                                {product} {ergonomic}
   size_t MinHeapDeltaBytes                        = 1048576                                   {product} {ergonomic}
    uintx NonNMethodCodeHeapSize                   = 5830732                                {pd product} {ergonomic}
    uintx NonProfiledCodeHeapSize                  = 122913754                              {pd product} {ergonomic}
    uintx ProfiledCodeHeapSize                     = 122913754                              {pd product} {ergonomic}
    uintx ReservedCodeCacheSize                    = 251658240                              {pd product} {ergonomic}
     bool SegmentedCodeCache                       = true                                      {product} {ergonomic}
     bool UseCompressedClassPointers               = true                                 {lp64_product} {ergonomic}
     bool UseCompressedOops                        = true                                 {lp64_product} {ergonomic}
     bool UseG1GC                                  = true                                      {product} {ergonomic}
     bool UseLargePagesIndividualAllocation        = false                                  {pd product} {ergonomic}

Logging:
Log output configuration:
 #0: stdout all=warning uptime,level,tags
 #1: stderr all=off uptime,level,tags

Environment Variables:
JAVA_HOME=C:\Program Files\Java\jdk1.8.0_161
CLASSPATH=.;C:\Program Files\Java\jdk1.8.0_161\lib\dt.jar;C:\Program Files\Java\jdk1.8.0_161\lib\tools.jar;
PATH=C:\Program Files\PlasticSCM5\server;C:\Program Files\PlasticSCM5\client;C:\Program Files\Microsoft\jdk-11.0.12.7-hotspot\bin;C:\Program Files (x86)\Common Files\Oracle\Java\javapath;C:\ProgramData\Oracle\Java\javapath;C:\Program Files (x86)\Intel\iCLS Client\;C:\Program Files\Intel\iCLS Client\;C:\WINDOWS\system32;C:\WINDOWS;C:\WINDOWS\System32\Wbem;C:\WINDOWS\System32\WindowsPowerShell\v1.0\;C:\Program Files (x86)\Intel\Intel(R) Management Engine Components\DAL;C:\Program Files\Intel\Intel(R) Management Engine Components\DAL;C:\Program Files (x86)\Intel\Intel(R) Management Engine Components\IPT;C:\Program Files\Intel\Intel(R) Management Engine Components\IPT;C:\WINDOWS\System32\OpenSSH\;C:\Program Files\Intel\WiFi\bin\;C:\Program Files\Common Files\Intel\WirelessCommon\;C:\Program Files (x86)\NVIDIA Corporation\PhysX\Common;C:\WINDOWS\system32;C:\WINDOWS;C:\WINDOWS\System32\Wbem;C:\WINDOWS\System32\WindowsPowerShell\v1.0\;C:\WINDOWS\System32\OpenSSH\;C:\Program Files\Java\jdk1.8.0_161\bin;C:\Program Files\Java\jdk1.8.0_161\bin;C:\Program Files\Java\jdk1.8.0_161\jre\bin;C:\Users\YANG\mysql\bin;C:\Program Files\Microsoft SQL Server\Client SDK\ODBC\170\Tools\Binn\;C:\Program Files (x86)\Microsoft SQL Server\150\Tools\Binn\;C:\Program Files\Microsoft SQL Server\150\Tools\Binn\;C:\Program Files\Microsoft SQL Server\150\DTS\Binn\;C:\Program Files (x86)\Microsoft SQL Server\150\DTS\Binn\;C:\Program Files\Azure Data Studio\bin;C:\MinGW\bin;C:\Program Files\dotnet\;C:\Users\YANG\AppData\Local\Programs\Microsoft VS Code\mingw64\bin;C:\Program Files\Git\cmd;C:\Program Files\MySQL\MySQL Shell 8.0\bin\;C:\Users\YANG\Desktop\Python\Python3.10\Scripts\;C:\Users\YANG\Desktop\Python\Python3.10\;C:\Users\YANG\Desktop\Python\Scripts\;C:\Users\YANG\Desktop\Python\;C:\Users\YANG\AppData\Local\Programs\Python\Python38\Scripts\;C:\Users\YANG\AppData\Local\Programs\Python\Python38\;C:\Users\YANG\AppData\Local\Microsoft\WindowsApps;C:\Program Files\Bandizip\;C:\Program Files\JetBrains\Py
USERNAME=YANG
OS=Windows_NT
PROCESSOR_IDENTIFIER=Intel64 Family 6 Model 142 Stepping 9, GenuineIntel



---------------  S Y S T E M  ---------------

OS: Windows 10 , 64 bit Build 19041 (10.0.19041.1806)
OS uptime: 1 days 7:59 hours

CPU:total 4 (initial active 4) (2 cores per cpu, 2 threads per core) family 6 model 142 stepping 9 microcode 0xb4, cmov, cx8, fxsr, mmx, sse, sse2, sse3, ssse3, sse4.1, sse4.2, popcnt, avx, avx2, aes, clmul, erms, 3dnowpref, lzcnt, ht, tsc, tscinvbit, bmi1, bmi2, adx, fma

Memory: 4k page, system-wide physical 8077M (557M free)
TotalPageFile size 12077M (AvailPageFile size 74M)
current process WorkingSet (physical memory assigned to process): 606M, peak: 608M
current process commit charge ("private bytes"): 731M, peak: 805M

vm_info: OpenJDK 64-Bit Server VM (11.0.12+7-b1504.28-7817840) for windows-amd64 JRE (11.0.12+7-b1504.28-7817840), built on Oct 13 2021 22:12:33 by "builder" with MS VC++ 14.0 (VS2015)

END.
